This is pdfTeX, Version 3.141592653-2.6-1.40.22 (TeX Live 2021) (preloaded format=pdflatex 2021.9.18)  18 SEP 2021 01:16
entering extended mode
 restricted \write18 enabled.
 %&-line parsing enabled.
**GSF3100_E1.tex
(./GSF3100_E1.tex
LaTeX2e <2020-10-01> patch level 4
L3 programming layer <2021-02-18>
(/usr/local/texlive/2021/texmf-dist/tex/latex/base/article.cls
Document Class: article 2020/04/10 v1.4m Standard LaTeX document class
(/usr/local/texlive/2021/texmf-dist/tex/latex/base/size10.clo
File: size10.clo 2020/04/10 v1.4m Standard LaTeX file (size option)
)
\c@part=\count179
\c@section=\count180
\c@subsection=\count181
\c@subsubsection=\count182
\c@paragraph=\count183
\c@subparagraph=\count184
\c@figure=\count185
\c@table=\count186
\abovecaptionskip=\skip47
\belowcaptionskip=\skip48
\bibindent=\dimen138
)
(/usr/local/texlive/2021/texmf-dist/tex/latex/base/inputenc.sty
Package: inputenc 2020/08/01 v1.3d Input encoding file
\inpenc@prehook=\toks15
\inpenc@posthook=\toks16
)
(/usr/local/texlive/2021/texmf-dist/tex/latex/amsmath/amsmath.sty
Package: amsmath 2020/09/23 v2.17i AMS math features
\@mathmargin=\skip49

For additional information on amsmath, use the `?' option.
(/usr/local/texlive/2021/texmf-dist/tex/latex/amsmath/amstext.sty
Package: amstext 2000/06/29 v2.01 AMS text

(/usr/local/texlive/2021/texmf-dist/tex/latex/amsmath/amsgen.sty
File: amsgen.sty 1999/11/30 v2.0 generic functions
\@emptytoks=\toks17
\ex@=\dimen139
))
(/usr/local/texlive/2021/texmf-dist/tex/latex/amsmath/amsbsy.sty
Package: amsbsy 1999/11/29 v1.2d Bold Symbols
\pmbraise@=\dimen140
)
(/usr/local/texlive/2021/texmf-dist/tex/latex/amsmath/amsopn.sty
Package: amsopn 2016/03/08 v2.02 operator names
)
\inf@bad=\count187
LaTeX Info: Redefining \frac on input line 234.
\uproot@=\count188
\leftroot@=\count189
LaTeX Info: Redefining \overline on input line 399.
\classnum@=\count190
\DOTSCASE@=\count191
LaTeX Info: Redefining \ldots on input line 496.
LaTeX Info: Redefining \dots on input line 499.
LaTeX Info: Redefining \cdots on input line 620.
\Mathstrutbox@=\box47
\strutbox@=\box48
\big@size=\dimen141
LaTeX Font Info:    Redeclaring font encoding OML on input line 743.
LaTeX Font Info:    Redeclaring font encoding OMS on input line 744.
\macc@depth=\count192
\c@MaxMatrixCols=\count193
\dotsspace@=\muskip16
\c@parentequation=\count194
\dspbrk@lvl=\count195
\tag@help=\toks18
\row@=\count196
\column@=\count197
\maxfields@=\count198
\andhelp@=\toks19
\eqnshift@=\dimen142
\alignsep@=\dimen143
\tagshift@=\dimen144
\tagwidth@=\dimen145
\totwidth@=\dimen146
\lineht@=\dimen147
\@envbody=\toks20
\multlinegap=\skip50
\multlinetaggap=\skip51
\mathdisplay@stack=\toks21
LaTeX Info: Redefining \[ on input line 2923.
LaTeX Info: Redefining \] on input line 2924.
)
(/usr/local/texlive/2021/texmf-dist/tex/latex/amsfonts/amsfonts.sty
Package: amsfonts 2013/01/14 v3.01 Basic AMSFonts support
\symAMSa=\mathgroup4
\symAMSb=\mathgroup5
LaTeX Font Info:    Redeclaring math symbol \hbar on input line 98.
LaTeX Font Info:    Overwriting math alphabet `\mathfrak' in version `bold'
(Font)                  U/euf/m/n --> U/euf/b/n on input line 106.
)
(/usr/local/texlive/2021/texmf-dist/tex/latex/amsfonts/amssymb.sty
Package: amssymb 2013/01/14 v3.01 AMS font symbols
)
(/usr/local/texlive/2021/texmf-dist/tex/latex/tools/enumerate.sty
Package: enumerate 2015/07/23 v3.00 enumerate extensions (DPC)
\@enLab=\toks22
)
(/usr/local/texlive/2021/texmf-dist/tex/latex/l3backend/l3backend-pdftex.def
File: l3backend-pdftex.def 2021-03-18 L3 backend support: PDF output (pdfTeX)
\l__color_backend_stack_int=\count199
\l__pdf_internal_box=\box49
)
(./GSF3100_E1.aux)
\openout1 = `GSF3100_E1.aux'.

LaTeX Font Info:    Checking defaults for OML/cmm/m/it on input line 11.
LaTeX Font Info:    ... okay on input line 11.
LaTeX Font Info:    Checking defaults for OMS/cmsy/m/n on input line 11.
LaTeX Font Info:    ... okay on input line 11.
LaTeX Font Info:    Checking defaults for OT1/cmr/m/n on input line 11.
LaTeX Font Info:    ... okay on input line 11.
LaTeX Font Info:    Checking defaults for T1/cmr/m/n on input line 11.
LaTeX Font Info:    ... okay on input line 11.
LaTeX Font Info:    Checking defaults for TS1/cmr/m/n on input line 11.
LaTeX Font Info:    ... okay on input line 11.
LaTeX Font Info:    Checking defaults for OMX/cmex/m/n on input line 11.
LaTeX Font Info:    ... okay on input line 11.
LaTeX Font Info:    Checking defaults for U/cmr/m/n on input line 11.
LaTeX Font Info:    ... okay on input line 11.
LaTeX Font Info:    Trying to load font information for U+msa on input line 12.


(/usr/local/texlive/2021/texmf-dist/tex/latex/amsfonts/umsa.fd
File: umsa.fd 2013/01/14 v3.01 AMS symbols A
)
LaTeX Font Info:    Trying to load font information for U+msb on input line 12.


(/usr/local/texlive/2021/texmf-dist/tex/latex/amsfonts/umsb.fd
File: umsb.fd 2013/01/14 v3.01 AMS symbols B
)

LaTeX Warning: No \author given.

[1

{/usr/local/texlive/2021/texmf-var/fonts/map/pdftex/updmap/pdftex.map}]

! Package inputenc Error: Unicode character МЃ (U+0301)
(inputenc)                not set up for use with LaTeX.

See the inputenc package documentation for explanation.
Type  H <return>  for immediate help.
 ...                                              
                                                  
l.36 ...ver le taux nominal quotidien capitaliseМЃ
                                                   annuellement eМЃquivalent...

You may provide a definition with
\DeclareUnicodeCharacter 


! Package inputenc Error: Unicode character МЃ (U+0301)
(inputenc)                not set up for use with LaTeX.

See the inputenc package documentation for explanation.
Type  H <return>  for immediate help.
 ...                                              
                                                  
l.36 ...al quotidien capitaliseМЃ annuellement eМЃ
                                                  quivalent aМЂ un taux nomi...

You may provide a definition with
\DeclareUnicodeCharacter 


! Package inputenc Error: Unicode character МЂ (U+0300)
(inputenc)                not set up for use with LaTeX.

See the inputenc package documentation for explanation.
Type  H <return>  for immediate help.
 ...                                              
                                                  
l.36 ...capitaliseМЃ annuellement eМЃquivalent aМЂ
                                                   un taux nominal bisannuel...

You may provide a definition with
\DeclareUnicodeCharacter 


! Package inputenc Error: Unicode character МЃ (U+0301)
(inputenc)                not set up for use with LaTeX.

See the inputenc package documentation for explanation.
Type  H <return>  for immediate help.
 ...                                              
                                                  
l.36 ...ux nominal bisannuel de 20 \% capitaliseМЃ
                                                   trimestriellement.
You may provide a definition with
\DeclareUnicodeCharacter 


! Package inputenc Error: Unicode character МЃ (U+0301)
(inputenc)                not set up for use with LaTeX.

See the inputenc package documentation for explanation.
Type  H <return>  for immediate help.
 ...                                              
                                                  
l.47 Trouver la valeur actuelle dвЂ™une annuiteМЃ
                                                  de 35 paiements hebdomadai...

You may provide a definition with
\DeclareUnicodeCharacter 


! Package inputenc Error: Unicode character МЃ (U+0301)
(inputenc)                not set up for use with LaTeX.

See the inputenc package documentation for explanation.
Type  H <return>  for immediate help.
 ...                                              
                                                  
l.47 ... \$ si le taux nominal annuel capitaliseМЃ
                                                   hebdomadairement est de 1...

You may provide a definition with
\DeclareUnicodeCharacter 


! Package inputenc Error: Unicode character МЃ (U+0301)
(inputenc)                not set up for use with LaTeX.

See the inputenc package documentation for explanation.
Type  H <return>  for immediate help.
 ...                                              
                                                  
l.58 Trouver la valeur future dвЂ™une annuiteМЃ
                                                de 2 paiements semestriels d...

You may provide a definition with
\DeclareUnicodeCharacter 


! Package inputenc Error: Unicode character МЃ (U+0301)
(inputenc)                not set up for use with LaTeX.

See the inputenc package documentation for explanation.
Type  H <return>  for immediate help.
 ...                                              
                                                  
l.58 ...ue le taux nominal semestriel capitaliseМЃ
                                                   trimestriellement est de ...

You may provide a definition with
\DeclareUnicodeCharacter 


! Package inputenc Error: Unicode character МЃ (U+0301)
(inputenc)                not set up for use with LaTeX.

See the inputenc package documentation for explanation.
Type  H <return>  for immediate help.
 ...                                              
                                                  
l.58 ...emier paiement aura lieu aujourd'hui (deМЃ
                                                  but de peМЃriode).
You may provide a definition with
\DeclareUnicodeCharacter 


! Package inputenc Error: Unicode character МЃ (U+0301)
(inputenc)                not set up for use with LaTeX.

See the inputenc package documentation for explanation.
Type  H <return>  for immediate help.
 ...                                              
                                                  
l.58 ...ent aura lieu aujourd'hui (deМЃbut de peМЃ
                                                  riode).
You may provide a definition with
\DeclareUnicodeCharacter 


! Package inputenc Error: Unicode character МЂ (U+0300)
(inputenc)                not set up for use with LaTeX.

See the inputenc package documentation for explanation.
Type  H <return>  for immediate help.
 ...                                              
                                                  
l.69 ...™une valeur nominale de 1000 \$ venant aМЂ
                                                   eМЃcheМЃance dans 21,5 an...

You may provide a definition with
\DeclareUnicodeCharacter 


! Package inputenc Error: Unicode character МЃ (U+0301)
(inputenc)                not set up for use with LaTeX.

See the inputenc package documentation for explanation.
Type  H <return>  for immediate help.
 ...                                              
                                                  
l.69 ... valeur nominale de 1000 \$ venant aМЂ eМЃ
                                                  cheМЃance dans 21,5 ans et...

You may provide a definition with
\DeclareUnicodeCharacter 


! Package inputenc Error: Unicode character МЃ (U+0301)
(inputenc)                not set up for use with LaTeX.

See the inputenc package documentation for explanation.
Type  H <return>  for immediate help.
 ...                                              
                                                  
l.69 ...ur nominale de 1000 \$ venant aМЂ eМЃcheМЃ
                                                  ance dans 21,5 ans et ayan...

You may provide a definition with
\DeclareUnicodeCharacter 


! Package inputenc Error: Unicode character МЃ (U+0301)
(inputenc)                not set up for use with LaTeX.

See the inputenc package documentation for explanation.
Type  H <return>  for immediate help.
 ...                                              
                                                  
l.69 ...4 \% annuel payable quatre fois par anneМЃ
                                                  e, soit aМЂ chaque trimest...

You may provide a definition with
\DeclareUnicodeCharacter 


! Package inputenc Error: Unicode character МЂ (U+0300)
(inputenc)                not set up for use with LaTeX.

See the inputenc package documentation for explanation.
Type  H <return>  for immediate help.
 ...                                              
                                                  
l.69 ... payable quatre fois par anneМЃe, soit aМЂ
                                                   chaque trimestre, en supp...

You may provide a definition with
\DeclareUnicodeCharacter 


! Package inputenc Error: Unicode character МЃ (U+0301)
(inputenc)                not set up for use with LaTeX.

See the inputenc package documentation for explanation.
Type  H <return>  for immediate help.
 ...                                              
                                                  
l.69 ...posant un taux nominal annuel capitaliseМЃ
                                                   mensuellement de 12 \%.
You may provide a definition with
\DeclareUnicodeCharacter 

[2]

! Package inputenc Error: Unicode character МЃ (U+0301)
(inputenc)                not set up for use with LaTeX.

See the inputenc package documentation for explanation.
Type  H <return>  for immediate help.
 ...                                              
                                                  
l.79 Trouver le prix dвЂ™une obligation perpeМЃ
                                               tuelle (aМЂ vie) ayant un tau...

You may provide a definition with
\DeclareUnicodeCharacter 


! Package inputenc Error: Unicode character МЂ (U+0300)
(inputenc)                not set up for use with LaTeX.

See the inputenc package documentation for explanation.
Type  H <return>  for immediate help.
 ...                                              
                                                  
l.79 ...prix dвЂ™une obligation perpeМЃtuelle (aМЂ
                                                   vie) ayant un taux de cou...

You may provide a definition with
\DeclareUnicodeCharacter 


! Package inputenc Error: Unicode character МЃ (U+0301)
(inputenc)                not set up for use with LaTeX.

See the inputenc package documentation for explanation.
Type  H <return>  for immediate help.
 ...                                              
                                                  
l.79 ... 16 \% annuel payable deux fois par anneМЃ
                                                  e et une valeur nominale d...

You may provide a definition with
\DeclareUnicodeCharacter 


! Package inputenc Error: Unicode character МЂ (U+0300)
(inputenc)                not set up for use with LaTeX.

See the inputenc package documentation for explanation.
Type  H <return>  for immediate help.
 ...                                              
                                                  
l.90 ...Ђ™une valeur nominale de 800 \$ venant aМЂ
                                                   eМЃcheМЃance dans 5,5 ans...

You may provide a definition with
\DeclareUnicodeCharacter 


! Package inputenc Error: Unicode character МЃ (U+0301)
(inputenc)                not set up for use with LaTeX.

See the inputenc package documentation for explanation.
Type  H <return>  for immediate help.
 ...                                              
                                                  
l.90 ...e valeur nominale de 800 \$ venant aМЂ eМЃ
                                                  cheМЃance dans 5,5 ans et ...

You may provide a definition with
\DeclareUnicodeCharacter 


! Package inputenc Error: Unicode character МЃ (U+0301)
(inputenc)                not set up for use with LaTeX.

See the inputenc package documentation for explanation.
Type  H <return>  for immediate help.
 ...                                              
                                                  
l.90 ...eur nominale de 800 \$ venant aМЂ eМЃcheМЃ
                                                  ance dans 5,5 ans et ayant...

You may provide a definition with
\DeclareUnicodeCharacter 


! Package inputenc Error: Unicode character МЃ (U+0301)
(inputenc)                not set up for use with LaTeX.

See the inputenc package documentation for explanation.
Type  H <return>  for immediate help.
 ...                                              
                                                  
l.90 ... 10 \% annuel payable deux fois par anneМЃ
                                                  e en supposant que le taux...

You may provide a definition with
\DeclareUnicodeCharacter 


! Package inputenc Error: Unicode character МЃ (U+0301)
(inputenc)                not set up for use with LaTeX.

See the inputenc package documentation for explanation.
Type  H <return>  for immediate help.
 ...                                              
                                                  
l.90 ...nt que le taux nominal annuel capitaliseМЃ
                                                   semestriellement est de 1...

You may provide a definition with
\DeclareUnicodeCharacter 


! Package inputenc Error: Unicode character МЂ (U+0300)
(inputenc)                not set up for use with LaTeX.

See the inputenc package documentation for explanation.
Type  H <return>  for immediate help.
 ...                                              
                                                  
l.90 ...obligation se transigeait initialement aМЂ
                                                   $P_0$ = 736,9050 \$ et le...

You may provide a definition with
\DeclareUnicodeCharacter 


! Package inputenc Error: Unicode character МЃ (U+0301)
(inputenc)                not set up for use with LaTeX.

See the inputenc package documentation for explanation.
Type  H <return>  for immediate help.
 ...                                              
                                                  
l.90 ...$ = 736,9050 \$ et le dernier coupon a eМЃ
                                                  teМЃ verseМЃ le 31 deМЃcem...

You may provide a definition with
\DeclareUnicodeCharacter 


! Package inputenc Error: Unicode character МЃ (U+0301)
(inputenc)                not set up for use with LaTeX.

See the inputenc package documentation for explanation.
Type  H <return>  for immediate help.
 ...                                              
                                                  
l.90 ...736,9050 \$ et le dernier coupon a eМЃteМЃ
                                                   verseМЃ le 31 deМЃcembre ...

You may provide a definition with
\DeclareUnicodeCharacter 


! Package inputenc Error: Unicode character МЃ (U+0301)
(inputenc)                not set up for use with LaTeX.

See the inputenc package documentation for explanation.
Type  H <return>  for immediate help.
 ...                                              
                                                  
l.90 ... \$ et le dernier coupon a eМЃteМЃ verseМЃ
                                                   le 31 deМЃcembre dernier ...

You may provide a definition with
\DeclareUnicodeCharacter 


! Package inputenc Error: Unicode character МЃ (U+0301)
(inputenc)                not set up for use with LaTeX.

See the inputenc package documentation for explanation.
Type  H <return>  for immediate help.
 ...                                              
                                                  
l.90 ...ernier coupon a eМЃteМЃ verseМЃ le 31 deМЃ
                                                  cembre dernier il y a exac...

You may provide a definition with
\DeclareUnicodeCharacter 


! Package inputenc Error: Unicode character МЃ (U+0301)
(inputenc)                not set up for use with LaTeX.

See the inputenc package documentation for explanation.
Type  H <return>  for immediate help.
 ...                                              
                                                  
l.90 ... a exactement 126 jours. (Utiliser la meМЃ
                                                  thode exact/exact.)
You may provide a definition with
\DeclareUnicodeCharacter 

[3]

! Package inputenc Error: Unicode character МЃ (U+0301)
(inputenc)                not set up for use with LaTeX.

See the inputenc package documentation for explanation.
Type  H <return>  for immediate help.
 ...                                              
                                                  
l.101 ...x dates de coupon et une fraction de peМЃ
                                                  riode $k = 0,87$ eМЃcouleМ...

You may provide a definition with
\DeclareUnicodeCharacter 


! Package inputenc Error: Unicode character МЃ (U+0301)
(inputenc)                not set up for use with LaTeX.

See the inputenc package documentation for explanation.
Type  H <return>  for immediate help.
 ...                                              
                                                  
l.101 ... une fraction de peМЃriode $k = 0,87$ eМЃ
                                                  couleМЃe depuis le verseme...

You may provide a definition with
\DeclareUnicodeCharacter 


! Package inputenc Error: Unicode character МЃ (U+0301)
(inputenc)                not set up for use with LaTeX.

See the inputenc package documentation for explanation.
Type  H <return>  for immediate help.
 ...                                              
                                                  
l.101 ...action de peМЃriode $k = 0,87$ eМЃcouleМЃ
                                                  e depuis le versement du d...

You may provide a definition with
\DeclareUnicodeCharacter 


! Package inputenc Error: Unicode character МЂ (U+0300)
(inputenc)                not set up for use with LaTeX.

See the inputenc package documentation for explanation.
Type  H <return>  for immediate help.
 ...                                              
                                                  
l.111 AМЂ
          l'aide d'une calculatrice financieМЂre, trouver le taux de rendeme...

You may provide a definition with
\DeclareUnicodeCharacter 


! Package inputenc Error: Unicode character МЂ (U+0300)
(inputenc)                not set up for use with LaTeX.

See the inputenc package documentation for explanation.
Type  H <return>  for immediate help.
 ...                                              
                                                  
l.111 AМЂ l'aide d'une calculatrice financieМЂ
                                              re, trouver le taux de rendeme...

You may provide a definition with
\DeclareUnicodeCharacter 


! Package inputenc Error: Unicode character МЂ (U+0300)
(inputenc)                not set up for use with LaTeX.

See the inputenc package documentation for explanation.
Type  H <return>  for immediate help.
 ...                                              
                                                  
l.111 ...cieМЂre, trouver le taux de rendement aМЂ
                                                   lвЂ™eМЃcheМЃance eectif s...

You may provide a definition with
\DeclareUnicodeCharacter 


! Package inputenc Error: Unicode character МЃ (U+0301)
(inputenc)                not set up for use with LaTeX.

See the inputenc package documentation for explanation.
Type  H <return>  for immediate help.
 ...                                              
                                                  
l.111 ... trouver le taux de rendement aМЂ lвЂ™eМЃ
                                                  cheМЃance eectif semestrie...

You may provide a definition with
\DeclareUnicodeCharacter 


! Package inputenc Error: Unicode character МЃ (U+0301)
(inputenc)                not set up for use with LaTeX.

See the inputenc package documentation for explanation.
Type  H <return>  for immediate help.
 ...                                              
                                                  
l.111 ...ver le taux de rendement aМЂ lвЂ™eМЃcheМЃ
                                                  ance eectif semestriel dвЂ...

You may provide a definition with
\DeclareUnicodeCharacter 


! Package inputenc Error: Unicode character МЂ (U+0300)
(inputenc)                not set up for use with LaTeX.

See the inputenc package documentation for explanation.
Type  H <return>  for immediate help.
 ...                                              
                                                  
l.111 ...e valeur nominale de 10 000 \$ venant aМЂ
                                                   eМЃcheМЃance dans 5 ans e...

You may provide a definition with
\DeclareUnicodeCharacter 


! Package inputenc Error: Unicode character МЃ (U+0301)
(inputenc)                not set up for use with LaTeX.

See the inputenc package documentation for explanation.
Type  H <return>  for immediate help.
 ...                                              
                                                  
l.111 ...leur nominale de 10 000 \$ venant aМЂ eМЃ
                                                  cheМЃance dans 5 ans et ay...

You may provide a definition with
\DeclareUnicodeCharacter 


! Package inputenc Error: Unicode character МЃ (U+0301)
(inputenc)                not set up for use with LaTeX.

See the inputenc package documentation for explanation.
Type  H <return>  for immediate help.
 ...                                              
                                                  
l.111 ...nominale de 10 000 \$ venant aМЂ eМЃcheМЃ
                                                  ance dans 5 ans et ayant u...

You may provide a definition with
\DeclareUnicodeCharacter 


! Package inputenc Error: Unicode character МЃ (U+0301)
(inputenc)                not set up for use with LaTeX.

See the inputenc package documentation for explanation.
Type  H <return>  for immediate help.
 ...                                              
                                                  
l.111 ...el de 2,5 \% payable deux fois par anneМЃ
                                                  e et un prix de 8980 \$.
You may provide a definition with
\DeclareUnicodeCharacter 

[4] [5] (./GSF3100_E1.aux) ) 
Here is how much of TeX's memory you used:
 1609 strings out of 478994
 20949 string characters out of 5858184
 308422 words of memory out of 5000000
 19122 multiletter control sequences out of 15000+600000
 411013 words of font info for 57 fonts, out of 8000000 for 9000
 1141 hyphenation exceptions out of 8191
 67i,6n,74p,627b,213s stack positions out of 5000i,500n,10000p,200000b,80000s
{/usr/local/texlive/2021/texmf-dist/fonts/enc/dvips
/cm-super/cm-super-ts1.enc}</usr/local/texlive/2021/texmf-dist/fonts/type1/publ
ic/amsfonts/cm/cmbx12.pfb></usr/local/texlive/2021/texmf-dist/fonts/type1/publi
c/amsfonts/cm/cmmi10.pfb></usr/local/texlive/2021/texmf-dist/fonts/type1/public
/amsfonts/cm/cmmi7.pfb></usr/local/texlive/2021/texmf-dist/fonts/type1/public/a
msfonts/cm/cmr10.pfb></usr/local/texlive/2021/texmf-dist/fonts/type1/public/ams
fonts/cm/cmr12.pfb></usr/local/texlive/2021/texmf-dist/fonts/type1/public/amsfo
nts/cm/cmr17.pfb></usr/local/texlive/2021/texmf-dist/fonts/type1/public/amsfont
s/cm/cmr7.pfb></usr/local/texlive/2021/texmf-dist/fonts/type1/public/cm-super/s
frm1000.pfb>
Output written on GSF3100_E1.pdf (5 pages, 85664 bytes).
PDF statistics:
 53 PDF objects out of 1000 (max. 8388607)
 37 compressed objects within 1 object stream
 0 named destinations out of 1000 (max. 500000)
 1 words of extra memory for PDF output out of 10000 (max. 10000000)

