\BOOKMARK [1][-]{section.1}{Cadre de gestion de portefeuille obligataire}{}% 1
\BOOKMARK [1][-]{section.2}{Gestion obligataire par rapport \340 un indice du march\351 obligataire}{}% 2
\BOOKMARK [2][-]{subsection.2.1}{Gestion passive}{section.2}% 3
\BOOKMARK [2][-]{subsection.2.2}{Gestion active}{section.2}% 4
\BOOKMARK [1][-]{section.3}{Classification des strat\351gies}{}% 5
\BOOKMARK [2][-]{subsection.3.1}{Indexation d'obligations pure \(ou approche de r\351plication compl\350te\)}{section.3}% 6
\BOOKMARK [2][-]{subsection.3.2}{Indexation am\351lior\351e en faisant correspondre les principaux facteurs de risque}{section.3}% 7
\BOOKMARK [2][-]{subsection.3.3}{Indexation am\351lior\351e gr\342ce \340 de petites incoh\351rences de facteurs de risque}{section.3}% 8
\BOOKMARK [2][-]{subsection.3.4}{Gestion active par des inad\351quations plus importantes des facteurs de risque}{section.3}% 9
\BOOKMARK [2][-]{subsection.3.5}{Gestion active \340 part enti\350re}{section.3}% 10
\BOOKMARK [1][-]{section.4}{S\351lection d'un indice obligataire de r\351f\351rence: consid\351rations g\351n\351rales}{}% 11
\BOOKMARK [2][-]{subsection.4.1}{Risque de valeur marchande}{section.4}% 12
\BOOKMARK [2][-]{subsection.4.2}{Risque de revenu}{section.4}% 13
\BOOKMARK [2][-]{subsection.4.3}{Le risque de cr\351dit}{section.4}% 14
\BOOKMARK [2][-]{subsection.4.4}{Le risque de responsabilit\351 des passifs}{section.4}% 15
\BOOKMARK [1][-]{section.5}{Suivi des risques}{}% 16
\BOOKMARK [1][-]{section.6}{Strat\351gies d'indexation am\351lior\351es}{}% 17
\BOOKMARK [2][-]{subsection.6.1}{Am\351liorations \340 moindre co\373t}{section.6}% 18
\BOOKMARK [2][-]{subsection.6.2}{Am\351liorations de la s\351lection des probl\350mes}{section.6}% 19
\BOOKMARK [2][-]{subsection.6.3}{Positionnement de la courbe des rendement}{section.6}% 20
\BOOKMARK [2][-]{subsection.6.4}{Positionnement sectoriel et qualit\351}{section.6}% 21
\BOOKMARK [2][-]{subsection.6.5}{Positionnement par rapport au risque d'appel}{section.6}% 22
\BOOKMARK [1][-]{section.7}{Activit\351s suppl\351mentaires requises pour le gestionnaire actif}{}% 23
\BOOKMARK [2][-]{subsection.7.1}{Identifiez les discordances d'index \340 exploiter}{section.7}% 24
\BOOKMARK [2][-]{subsection.7.2}{Extrapolez les attentes du march\351 \340 partir des donn\351es du march\351}{section.7}% 25
\BOOKMARK [2][-]{subsection.7.3}{Pr\351voyez ind\351pendamment les intrants n\351cessaires et comparez-les aux attentes du march\351}{section.7}% 26
\BOOKMARK [2][-]{subsection.7.4}{Estimer les valeurs relatives des titres afin d'identifier les zones de sous-\351valuation ou de sur\351valuation}{section.7}% 27
\BOOKMARK [1][-]{section.8}{Analyse du rendement total et analyse des sc\351narios}{}% 28
\BOOKMARK [2][-]{subsection.8.1}{Le rendement total d\220une obligation}{section.8}% 29
\BOOKMARK [2][-]{subsection.8.2}{L\220analyse du rendement total}{section.8}% 30
\BOOKMARK [1][-]{section.9}{G\351rer les fonds contre les passifs}{}% 31
\BOOKMARK [2][-]{subsection.9.1}{Strat\351gies de d\351vouement}{section.9}% 32
\BOOKMARK [1][-]{section.10}{Strat\351gies d'immunisation}{}% 33
\BOOKMARK [2][-]{subsection.10.1}{Immunisation classique \340 p\351riode unique}{section.10}% 34
\BOOKMARK [1][-]{section.11}{R\351\351quilibrer un portefeuille immunis\351}{}% 35
\BOOKMARK [1][-]{section.12}{D\351termination du rendement cible}{}% 36
\BOOKMARK [1][-]{section.13}{Extensions de la th\351orie classique de l'immunisation}{}% 37
\BOOKMARK [1][-]{section.14}{Dur\351e et convexit\351 des actifs et des passifs}{}% 38
\BOOKMARK [1][-]{section.15}{Types de risque}{}% 39
\BOOKMARK [1][-]{section.16}{Minimisation des risques pour les portefeuilles immunis\351s}{}% 40
\BOOKMARK [1][-]{section.17}{Strat\351gies d'appariement des flux de tr\351sorerie}{}% 41
\BOOKMARK [1][-]{section.18}{Exemples}{}% 42
\BOOKMARK [2][-]{subsection.18.1}{Question 1}{section.18}% 43
\BOOKMARK [2][-]{subsection.18.2}{Question 2}{section.18}% 44
\BOOKMARK [2][-]{subsection.18.3}{Question 3}{section.18}% 45
\BOOKMARK [2][-]{subsection.18.4}{Question 4}{section.18}% 46
\BOOKMARK [3][-]{subsubsection.18.4.1}{Quelle est la valeur nominale des obligations \340 10 ans \340 acheter pour ex\351cuter la strat\351gie d\220Alonso ?}{subsection.18.4}% 47
