\BOOKMARK [1][-]{section.1}{\376\377\000\311\000q\000u\000i\000v\000a\000l\000e\000n\000c\000e\000\040\000d\000e\000\040\000t\000a\000u\000x}{}% 1
\BOOKMARK [2][-]{subsection.1.1}{\376\377\000T\000a\000u\000x\000\040\000e\000f\000f\000e\000c\000t\000i\000f\000\040\000\040\000T\000a\000u\000x\000\040\000e\000f\000f\000e\000c\000t\000i\000f}{section.1}% 2
\BOOKMARK [2][-]{subsection.1.2}{\376\377\000T\000a\000u\000x\000\040\000e\000f\000f\000e\000c\000t\000i\000f\000\040\000\040\000T\000a\000u\000x\000\040\000n\000o\000m\000i\000n\000a\000l}{section.1}% 3
\BOOKMARK [2][-]{subsection.1.3}{\376\377\000T\000a\000u\000x\000\040\000n\000o\000m\000i\000n\000a\000l\000\040\000\040\000T\000a\000u\000x\000\040\000e\000f\000f\000e\000c\000t\000i\000f}{section.1}% 4
\BOOKMARK [1][-]{section.2}{\376\377\000C\000a\000p\000i\000t\000a\000l\000i\000s\000a\000t\000i\000o\000n\000\040\000e\000t\000\040\000A\000c\000t\000u\000a\000l\000i\000s\000a\000t\000i\000o\000n}{}% 5
\BOOKMARK [2][-]{subsection.2.1}{\376\377\000V\000a\000l\000e\000u\000r\000\040\000F\000u\000t\000u\000r\000e\000\040\000\050\000C\000a\000p\000i\000t\000a\000l\000i\000s\000a\000t\000i\000o\000n\000\051}{section.2}% 6
\BOOKMARK [2][-]{subsection.2.2}{\376\377\000V\000a\000l\000e\000u\000r\000\040\000P\000r\000\351\000s\000e\000n\000t\000e\000\040\000\050\000A\000c\000t\000u\000a\000l\000i\000s\000a\000t\000i\000o\000n\000\051}{section.2}% 7
\BOOKMARK [1][-]{section.3}{\376\377\000A\000n\000n\000u\000i\000t\000\351}{}% 8
\BOOKMARK [2][-]{subsection.3.1}{\376\377\000V\000a\000l\000e\000u\000r\000\040\000f\000u\000t\000u\000r\000e\000\040\000d\000'\000u\000n\000e\000\040\000a\000n\000n\000u\000i\000t\000\351\000\040\000r\000\351\000g\000u\000l\000i\000\350\000r\000e}{section.3}% 9
\BOOKMARK [2][-]{subsection.3.2}{\376\377\000V\000a\000l\000e\000u\000r\000\040\000p\000r\000\351\000s\000e\000n\000t\000e\000\040\000d\000'\000u\000n\000e\000\040\000a\000n\000n\000u\000i\000t\000\351\000\040\000r\000\351\000g\000u\000l\000i\000\350\000r\000e}{section.3}% 10
\BOOKMARK [2][-]{subsection.3.3}{\376\377\000A\000n\000n\000u\000i\000t\000\351\000\040\000d\000e\000\040\000d\000\351\000b\000u\000t\000\040\000d\000e\000\040\000p\000\351\000r\000i\000o\000d\000e}{section.3}% 11
\BOOKMARK [1][-]{section.4}{\376\377\000D\000\351\000t\000e\000r\000m\000i\000n\000e\000r\000\040\000l\000e\000\040\000p\000r\000i\000x\000\040\000d\000'\000u\000n\000e\000\040\000o\000b\000l\000i\000g\000a\000t\000i\000o\000n}{}% 12
\BOOKMARK [2][-]{subsection.4.1}{\376\377\000O\000b\000l\000i\000g\000a\000t\000i\000o\000n\000\040\000r\000\351\000g\000u\000l\000i\000\350\000r\000e}{section.4}% 13
\BOOKMARK [2][-]{subsection.4.2}{\376\377\000O\000b\000l\000i\000g\000a\000t\000i\000o\000n\000\040\000Z\000\351\000r\000o\000\040\000C\000o\000u\000p\000o\000n}{section.4}% 14
\BOOKMARK [2][-]{subsection.4.3}{\376\377\000O\000b\000l\000i\000g\000a\000t\000i\000o\000n\000\040\000p\000e\000r\000p\000\351\000t\000u\000e\000l\000l\000e}{section.4}% 15
\BOOKMARK [1][-]{section.5}{\376\377\000I\000n\000t\000\351\000r\000\352\000t\000\040\000c\000o\000u\000r\000u\000\040\000e\000t\000\040\000c\000o\000t\000e}{}% 16
\BOOKMARK [2][-]{subsection.5.1}{\376\377\000P\000r\000i\000x\000\040\000d\000'\000u\000n\000e\000\040\000o\000b\000l\000i\000g\000a\000t\000i\000o\000n\000\040\000e\000n\000t\000r\000e\000\040\000d\000e\000u\000x\000\040\000d\000a\000t\000e\000s\000\040\000d\000e\000\040\000c\000o\000u\000p\000o\000n}{section.5}% 17
\BOOKMARK [2][-]{subsection.5.2}{\376\377\000C\000o\000t\000a\000t\000i\000o\000n}{section.5}% 18
\BOOKMARK [2][-]{subsection.5.3}{\376\377\000C\000o\000n\000v\000e\000n\000t\000i\000o\000n\000\040\000p\000o\000u\000r\000\040\000l\000a\000\040\000v\000a\000l\000e\000u\000r\000\040\000d\000e\000\040\000k}{section.5}% 19
\BOOKMARK [1][-]{section.6}{\376\377\000R\000e\000n\000d\000e\000m\000e\000n\000t\000\040\000r\000\351\000a\000l\000i\000s\000\351}{}% 20
\BOOKMARK [2][-]{subsection.6.1}{\376\377\000\311\000t\000a\000p\000e\000\040\0001}{section.6}% 21
\BOOKMARK [2][-]{subsection.6.2}{\376\377\000\311\000t\000a\000p\000e\000\040\0002}{section.6}% 22
\BOOKMARK [2][-]{subsection.6.3}{\376\377\000\311\000t\000a\000p\000e\000\040\0003}{section.6}% 23
\BOOKMARK [2][-]{subsection.6.4}{\376\377\000\311\000t\000a\000p\000e\000\040\0004}{section.6}% 24
\BOOKMARK [1][-]{section.7}{\376\377\000M\000e\000s\000u\000r\000e\000\040\000d\000u\000\040\000r\000e\000n\000d\000e\000m\000e\000n\000t\000\040\000d\000u\000\040\000o\000b\000l\000i\000g\000a\000t\000i\000o\000n}{}% 25
\BOOKMARK [2][-]{subsection.7.1}{\376\377\000M\000\351\000t\000h\000o\000d\000e\000\040\000p\000o\000u\000r\000\040\000t\000r\000o\000u\000v\000e\000r\000\040\000l\000e\000\040\000T\000R\000I}{section.7}% 26
\BOOKMARK [2][-]{subsection.7.2}{\376\377\000M\000\351\000t\000h\000o\000d\000e\000\040\000p\000o\000u\000r\000\040\000t\000r\000o\000u\000v\000e\000r\000\040\000l\000e\000\040\000r\000e\000n\000d\000e\000m\000e\000n\000t\000\040\000d\000'\000u\000n\000e\000\040\000o\000b\000l\000i\000g\000a\000t\000i\000o\000n}{section.7}% 27
\BOOKMARK [2][-]{subsection.7.3}{\376\377\000T\000r\000o\000u\000v\000e\000r\000\040\000y\000\040\000a\000v\000e\000c\000\040\000u\000n\000e\000\040\000c\000a\000l\000c\000u\000l\000a\000t\000r\000i\000c\000e\000\040\000f\000i\000n\000a\000n\000c\000i\000\350\000r\000e}{section.7}% 28
\BOOKMARK [1][-]{section.8}{\376\377\000R\000e\000l\000a\000t\000i\000o\000n\000\040\000P\000r\000i\000x\000\040\000-\000\040\000T\000a\000u\000x\000\040\000d\000e\000\040\000r\000e\000n\000d\000e\000m\000e\000n\000t}{}% 29
\BOOKMARK [1][-]{section.9}{\376\377\000P\000r\000o\000p\000r\000i\000\351\000t\000\351\000s\000\040\000r\000e\000l\000i\000\351\000e\000s\000\040\000\340\000\040\000l\000a\000\040\000v\000o\000l\000a\000t\000i\000l\000i\000t\000\351}{}% 30
\BOOKMARK [1][-]{section.10}{\376\377\000C\000a\000r\000a\000c\000t\000\351\000r\000i\000s\000t\000i\000q\000u\000e\000s\000\040\000a\000f\000f\000e\000c\000t\000a\000n\000t\000\040\000l\000a\000\040\000v\000o\000l\000a\000t\000i\000l\000i\000t\000\351}{}% 31
\BOOKMARK [2][-]{subsection.10.1}{\376\377\000A\000n\000t\000i\000c\000i\000p\000a\000t\000i\000o\000n\000\040\000s\000u\000r\000\040\000l\000e\000s\000\040\000t\000a\000u\000x\000\040\000d\000'\000i\000n\000t\000\351\000r\000\352\000t\000s}{section.10}% 32
\BOOKMARK [1][-]{section.11}{\376\377\000M\000e\000s\000u\000r\000e\000s\000\040\000d\000e\000\040\000l\000a\000\040\000v\000o\000l\000a\000t\000i\000l\000i\000t\000\351}{}% 33
\BOOKMARK [2][-]{subsection.11.1}{\376\377\000P\000r\000i\000x\000\040\000d\040\031\000u\000n\000\040\000p\000o\000i\000n\000t\000\040\000d\000e\000\040\000b\000a\000s\000e}{section.11}% 34
\BOOKMARK [2][-]{subsection.11.2}{\376\377\000V\000a\000l\000e\000u\000r\000\040\000e\000n\000\040\000r\000e\000n\000d\000e\000m\000e\000n\000t\000\040\000d\040\031\000u\000n\000e\000\040\000v\000a\000r\000i\000a\000t\000i\000o\000n\000\040\000d\000e\000\040\000p\000r\000i\000x}{section.11}% 35
\BOOKMARK [2][-]{subsection.11.3}{\376\377\000D\000u\000r\000\351\000e}{section.11}% 36
\BOOKMARK [1][-]{section.12}{\376\377\000M\000e\000s\000u\000r\000e\000s\000\040\000d\000e\000\040\000d\000u\000r\000\351\000e}{}% 37
\BOOKMARK [2][-]{subsection.12.1}{\376\377\000D\000u\000r\000\351\000e\000\040\000d\000e\000\040\000m\000a\000c\000a\000u\000l\000a\000y}{section.12}% 38
\BOOKMARK [2][-]{subsection.12.2}{\376\377\000D\000u\000r\000\351\000e\000\040\000m\000o\000d\000i\000f\000i\000\351\000e}{section.12}% 39
\BOOKMARK [1][-]{section.13}{\376\377\000P\000r\000o\000p\000r\000i\000\351\000t\000\351\000s\000\040\000d\000e\000\040\000l\000a\000\040\000d\000u\000r\000\351\000e}{}% 40
\BOOKMARK [1][-]{section.14}{\376\377\000A\000p\000p\000r\000o\000x\000i\000m\000a\000t\000i\000o\000n\000\040\000d\000e\000\040\000l\000a\000\040\000v\000a\000r\000i\000a\000t\000i\000o\000n\000\040\000d\000e\000\040\000p\000r\000i\000x}{}% 41
\BOOKMARK [1][-]{section.15}{\376\377\000I\000n\000t\000r\000o\000d\000u\000c\000t\000i\000o\000n\000\040\000\340\000\040\000l\000a\000\040\000c\000o\000n\000v\000e\000x\000i\000t\000\351}{}% 42
\BOOKMARK [1][-]{section.16}{\376\377\000M\000e\000s\000u\000r\000e\000\040\000d\000e\000\040\000c\000o\000n\000v\000e\000x\000i\000t\000\351}{}% 43
\BOOKMARK [1][-]{section.17}{\376\377\000P\000r\000o\000p\000r\000i\000\351\000t\000\351\000s\000\040\000d\000e\000\040\000l\000a\000\040\000c\000o\000n\000v\000e\000x\000i\000t\000\351}{}% 44
\BOOKMARK [1][-]{section.18}{\376\377\000A\000p\000p\000r\000o\000x\000i\000m\000a\000t\000i\000o\000n\000\040\000\050\000q\000u\000a\000d\000r\000a\000t\000i\000q\000u\000e\000\051}{}% 45
\BOOKMARK [1][-]{section.19}{\376\377\000H\000y\000p\000o\000t\000h\000\350\000s\000e\000s\000\040\000i\000m\000p\000o\000r\000t\000a\000n\000t\000e\000s\000\040\000p\000o\000u\000r\000\040\000d\000u\000r\000\351\000e\000\040\000e\000t\000\040\000c\000o\000n\000v\000e\000x\000i\000t\000\351}{}% 46
\BOOKMARK [1][-]{section.20}{\376\377\000D\000u\000r\000\351\000e\000\040\000e\000t\000\040\000c\000o\000n\000v\000e\000x\000i\000t\000\351\000\040\000e\000f\000f\000e\000c\000t\000i\000v\000e\000s}{}% 47
\BOOKMARK [1][-]{section.21}{\376\377\000R\000e\000l\000a\000t\000i\000o\000n\000\040\000r\000i\000s\000q\000u\000e\000-\000r\000e\000n\000d\000e\000m\000e\000n\000t}{}% 48
\BOOKMARK [1][-]{section.22}{\376\377\000C\000o\000m\000p\000o\000s\000a\000n\000t\000e\000s\000\040\000d\000u\000\040\000t\000a\000u\000x\000\040\000d\000e\000\040\000r\000e\000n\000d\000e\000m\000e\000n\000t}{}% 49
\BOOKMARK [2][-]{subsection.22.1}{\376\377\000\040\000M\000e\000s\000u\000r\000e\000s\000\040\000d\000e\000\040\000l\000a\000\040\000p\000r\000i\000m\000e\000\040\000d\000e\000\040\000r\000i\000s\000q\000u\000e}{section.22}% 50
\BOOKMARK [1][-]{section.23}{\376\377\000\040\000C\000o\000u\000r\000b\000e\000\040\000d\000e\000s\000\040\000r\000e\000n\000d\000e\000m\000e\000n\000t\000s\000\040\000\340\000\040\000l\040\031\000\351\000c\000h\000\351\000a\000n\000c\000e}{}% 51
\BOOKMARK [1][-]{section.24}{\376\377\000T\000a\000u\000x\000\040\000d\000e\000\040\000r\000e\000n\000d\000e\000m\000e\000n\000t\000\040\000a\000u\000\040\000c\000o\000m\000p\000t\000a\000n\000t}{}% 52
\BOOKMARK [2][-]{subsection.24.1}{\376\377\000S\000t\000r\000u\000c\000t\000u\000r\000e\000\040\000\340\000\040\000t\000e\000r\000m\000e\000\040\000d\000e\000s\000\040\000t\000a\000u\000x\000\040\000d\040\031\000i\000n\000t\000\351\000r\000\352\000t}{section.24}% 53
\BOOKMARK [2][-]{subsection.24.2}{\376\377\000C\000o\000n\000s\000t\000r\000u\000c\000t\000i\000o\000n\000\040\000d\000e\000s\000\040\000z\000t}{section.24}% 54
\BOOKMARK [1][-]{section.25}{\376\377\000C\000o\000u\000r\000b\000e\000\040\000d\000e\000s\000\040\000r\000e\000n\000d\000e\000m\000e\000n\000t\000s\000\040\000\340\000\040\000l\040\031\000\351\000c\000h\000\351\000a\000n\000c\000e\000\040\000a\000u\000\040\000p\000a\000i\000r}{}% 55
\BOOKMARK [1][-]{section.26}{\376\377\000T\000a\000u\000x\000\040\000d\000e\000\040\000r\000e\000n\000d\000e\000m\000e\000n\000t\000\040\000\340\000\040\000t\000e\000r\000m\000e}{}% 56
\BOOKMARK [2][-]{subsection.26.1}{\376\377\000T\000r\000o\000u\000v\000e\000r\000\040\000f\000t\000,\000n}{section.26}% 57
\BOOKMARK [1][-]{section.27}{\376\377\000E\000x\000e\000m\000p\000l\000e\000s}{}% 58
\BOOKMARK [2][-]{subsection.27.1}{\376\377\000E\000x\000e\000m\000p\000l\000e\000\040\0001}{section.27}% 59
\BOOKMARK [2][-]{subsection.27.2}{\376\377\000E\000x\000e\000m\000p\000l\000e\000\040\0002}{section.27}% 60
\BOOKMARK [2][-]{subsection.27.3}{\376\377\000E\000x\000e\000m\000p\000l\000e\000\040\0003}{section.27}% 61
\BOOKMARK [2][-]{subsection.27.4}{\376\377\000E\000x\000e\000m\000p\000l\000e\000\040\0004}{section.27}% 62
\BOOKMARK [1][-]{section.28}{\376\377\000\040\000F\000o\000r\000m\000e\000s\000\040\000d\000e\000\040\000l\000a\000\040\000s\000t\000r\000u\000c\000t\000u\000r\000e\000\040\000\340\000\040\000t\000e\000r\000m\000e\000\040\000d\000e\000s\000\040\000t\000a\000u\000x}{}% 63
\BOOKMARK [2][-]{subsection.28.1}{\376\377\000T\000h\000\351\000o\000r\000i\000e\000\040\000d\000e\000s\000\040\000a\000n\000t\000i\000c\000i\000p\000a\000t\000i\000o\000n\000s\000\040\000p\000u\000r\000e\000s}{section.28}% 64
\BOOKMARK [2][-]{subsection.28.2}{\376\377\000T\000h\000\351\000o\000r\000i\000e\000\040\000d\000e\000\040\000l\000a\000\040\000p\000r\000i\000m\000e\000\040\000d\000e\000\040\000l\000i\000q\000u\000i\000d\000i\000t\000\351}{section.28}% 65
\BOOKMARK [2][-]{subsection.28.3}{\376\377\000T\000h\000\351\000o\000r\000i\000e\000\040\000d\000e\000\040\000l\000a\000\040\000s\000e\000g\000m\000e\000n\000t\000a\000t\000i\000o\000n\000\040\000d\000u\000\040\000m\000a\000r\000c\000h\000\351}{section.28}% 66
\BOOKMARK [2][-]{subsection.28.4}{\376\377\000T\000h\000\351\000o\000r\000i\000e\000\040\000d\000e\000s\000\040\000h\000a\000b\000i\000t\000a\000t\000s\000\040\000p\000r\000\351\000f\000\351\000r\000\351\000s}{section.28}% 67
\BOOKMARK [1][-]{section.29}{\376\377\000I\000n\000t\000r\000o\000d\000u\000c\000t\000i\000o\000n}{}% 68
\BOOKMARK [1][-]{section.30}{\376\377\000B\000o\000n\000\040\000d\000u\000\040\000t\000r\000\351\000s\000o\000r}{}% 69
\BOOKMARK [2][-]{subsection.30.1}{\376\377\000B\000o\000n\000\040\000d\000u\000\040\000T\000r\000\351\000s\000o\000r\000\040\000C\000a\000n\000a\000d\000i\000e\000n}{section.30}% 70
\BOOKMARK [3][-]{subsubsection.30.1.1}{\376\377\000C\000a\000r\000a\000c\000t\000\351\000r\000i\000s\000t\000i\000q\000u\000e\000s}{subsection.30.1}% 71
\BOOKMARK [3][-]{subsubsection.30.1.2}{\376\377\000C\000a\000l\000c\000u\000l\000\040\000t\000a\000u\000x\000\040\000d\000e\000\040\000r\000e\000n\000d\000e\000m\000e\000n\000t}{subsection.30.1}% 72
\BOOKMARK [2][-]{subsection.30.2}{\376\377\000B\000o\000n\000\040\000d\000u\000\040\000T\000r\000\351\000s\000o\000r\000\040\000A\000m\000\351\000r\000i\000c\000a\000i\000n}{section.30}% 73
\BOOKMARK [3][-]{subsubsection.30.2.1}{\376\377\000C\000a\000r\000a\000c\000t\000\351\000r\000i\000s\000t\000i\000q\000u\000e\000s}{subsection.30.2}% 74
\BOOKMARK [1][-]{section.31}{\376\377\000P\000a\000p\000i\000e\000r\000\040\000c\000o\000m\000m\000e\000r\000c\000i\000a\000l}{}% 75
\BOOKMARK [2][-]{subsection.31.1}{\376\377\000C\000a\000r\000a\000c\000t\000e\003\001\000r\000i\000s\000t\000i\000q\000u\000e\000s}{section.31}% 76
\BOOKMARK [1][-]{section.32}{\376\377\000A\000c\000c\000e\000p\000t\000a\000t\000i\000o\000n\000\040\000b\000a\000n\000c\000a\000i\000r\000e}{}% 77
\BOOKMARK [2][-]{subsection.32.1}{\376\377\000C\000a\000r\000a\000c\000t\000e\003\001\000r\000i\000s\000t\000i\000q\000u\000e\000s}{section.32}% 78
\BOOKMARK [1][-]{section.33}{\376\377\000C\000o\000n\000v\000e\000n\000t\000i\000o\000n\000\040\000d\000e\000\040\000r\000a\000c\000h\000a\000t}{}% 79
\BOOKMARK [2][-]{subsection.33.1}{\376\377\000C\000a\000r\000a\000c\000t\000e\003\001\000r\000i\000s\000t\000i\000q\000u\000e\000s}{section.33}% 80
\BOOKMARK [2][-]{subsection.33.2}{\376\377\000I\000n\000s\000t\000r\000u\000m\000e\000n\000t\000s\000\040\000r\000e\000l\000i\000\351\000s}{section.33}% 81
\BOOKMARK [1][-]{section.34}{\376\377\000P\000o\000l\000i\000t\000i\000q\000u\000e\000\040\000m\000o\000n\000\351\000t\000a\000i\000r\000e}{}% 82
\BOOKMARK [2][-]{subsection.34.1}{\376\377\000C\000i\000b\000l\000e\000\040\000d\000e\000\040\000m\000a\000\356\000t\000r\000i\000s\000e\000\040\000d\000e\000\040\000l\040\031\000i\000n\000f\000l\000a\000t\000i\000o\000n}{section.34}% 83
\BOOKMARK [2][-]{subsection.34.2}{\376\377\000T\000a\000u\000x\000\040\000d\000e\000\040\000c\000h\000a\000n\000g\000e\000\040\000f\000l\000o\000t\000t\000a\000n\000t\000\040\000d\000u\000\040\000C\000a\000n\000a\000d\000a}{section.34}% 84
\BOOKMARK [1][-]{section.35}{\376\377\000I\000n\000t\000r\000o\000d\000u\000c\000t\000i\000o\000n}{}% 85
\BOOKMARK [1][-]{section.36}{\376\377\000\040\000O\000b\000l\000i\000g\000a\000t\000i\000o\000n\000\040\000s\000t\000a\000n\000d\000a\000r\000d}{}% 86
\BOOKMARK [2][-]{subsection.36.1}{\376\377\000C\000a\000r\000a\000c\000t\000e\003\001\000r\000i\000s\000t\000i\000q\000u\000e\000s}{section.36}% 87
\BOOKMARK [2][-]{subsection.36.2}{\376\377\000P\000r\000i\000x\000\040\000p\000r\000\351\000s\000e\000n\000t\000\351\000s\000\040\000e\000n\000\040\0003\0002\000e}{section.36}% 88
\BOOKMARK [1][-]{section.37}{\376\377\000O\000b\000l\000i\000g\000a\000t\000i\000o\000n\000\040\000\340\000\040\000r\000e\000n\000d\000e\000m\000e\000n\000t\000\040\000r\000\351\000e\000l}{}% 89
\BOOKMARK [2][-]{subsection.37.1}{\376\377\000P\000r\000i\000x\000\040\000o\000b\000l\000i\000g\000a\000t\000i\000o\000n\000\040\000\340\000\040\000r\000e\000n\000d\000e\000m\000e\000n\000t\000\040\000r\000\351\000e\000l}{section.37}% 90
\BOOKMARK [1][-]{section.38}{\376\377\000O\000b\000l\000i\000g\000a\000t\000i\000o\000n\000s\000\040\000c\000o\000u\000p\000o\000n\000s\000\040\000d\000e\003\001\000t\000a\000c\000h\000e\003\001\000s}{}% 91
\BOOKMARK [2][-]{subsection.38.1}{\376\377\000C\000a\000r\000a\000c\000t\000\351\000r\000i\000s\000t\000i\000q\000u\000e\000s}{section.38}% 92
\BOOKMARK [1][-]{section.39}{\376\377\000M\000a\000r\000c\000h\000\351\000\040\000p\000r\000i\000m\000a\000i\000r\000e}{}% 93
\BOOKMARK [2][-]{subsection.39.1}{\376\377\000C\000a\000n\000a\000d\000a}{section.39}% 94
\BOOKMARK [2][-]{subsection.39.2}{\376\377\000\311\000t\000a\000t\000s\000-\000U\000n\000i\000s}{section.39}% 95
\BOOKMARK [1][-]{section.40}{\376\377\000M\000a\000r\000c\000h\000\351\000\040\000s\000e\000c\000o\000n\000d\000a\000i\000r\000e}{}% 96
\BOOKMARK [1][-]{section.41}{\376\377\000C\000a\000d\000r\000e\000\040\000d\000e\000\040\000g\000e\000s\000t\000i\000o\000n\000\040\000d\000e\000\040\000p\000o\000r\000t\000e\000f\000e\000u\000i\000l\000l\000e\000\040\000o\000b\000l\000i\000g\000a\000t\000a\000i\000r\000e}{}% 97
\BOOKMARK [1][-]{section.42}{\376\377\000G\000e\000s\000t\000i\000o\000n\000\040\000o\000b\000l\000i\000g\000a\000t\000a\000i\000r\000e\000\040\000p\000a\000r\000\040\000r\000a\000p\000p\000o\000r\000t\000\040\000\340\000\040\000u\000n\000\040\000i\000n\000d\000i\000c\000e\000\040\000d\000u\000\040\000m\000a\000r\000c\000h\000\351\000\040\000o\000b\000l\000i\000g\000a\000t\000a\000i\000r\000e}{}% 98
\BOOKMARK [2][-]{subsection.42.1}{\376\377\000G\000e\000s\000t\000i\000o\000n\000\040\000p\000a\000s\000s\000i\000v\000e}{section.42}% 99
\BOOKMARK [2][-]{subsection.42.2}{\376\377\000G\000e\000s\000t\000i\000o\000n\000\040\000a\000c\000t\000i\000v\000e}{section.42}% 100
\BOOKMARK [1][-]{section.43}{\376\377\000C\000l\000a\000s\000s\000i\000f\000i\000c\000a\000t\000i\000o\000n\000\040\000d\000e\000s\000\040\000s\000t\000r\000a\000t\000\351\000g\000i\000e\000s}{}% 101
\BOOKMARK [2][-]{subsection.43.1}{\376\377\000I\000n\000d\000e\000x\000a\000t\000i\000o\000n\000\040\000d\000'\000o\000b\000l\000i\000g\000a\000t\000i\000o\000n\000s\000\040\000p\000u\000r\000e\000\040\000\050\000o\000u\000\040\000a\000p\000p\000r\000o\000c\000h\000e\000\040\000d\000e\000\040\000r\000\351\000p\000l\000i\000c\000a\000t\000i\000o\000n\000\040\000c\000o\000m\000p\000l\000\350\000t\000e\000\051}{section.43}% 102
\BOOKMARK [2][-]{subsection.43.2}{\376\377\000I\000n\000d\000e\000x\000a\000t\000i\000o\000n\000\040\000a\000m\000\351\000l\000i\000o\000r\000\351\000e\000\040\000e\000n\000\040\000f\000a\000i\000s\000a\000n\000t\000\040\000c\000o\000r\000r\000e\000s\000p\000o\000n\000d\000r\000e\000\040\000l\000e\000s\000\040\000p\000r\000i\000n\000c\000i\000p\000a\000u\000x\000\040\000f\000a\000c\000t\000e\000u\000r\000s\000\040\000d\000e\000\040\000r\000i\000s\000q\000u\000e}{section.43}% 103
\BOOKMARK [2][-]{subsection.43.3}{\376\377\000I\000n\000d\000e\000x\000a\000t\000i\000o\000n\000\040\000a\000m\000\351\000l\000i\000o\000r\000\351\000e\000\040\000g\000r\000\342\000c\000e\000\040\000\340\000\040\000d\000e\000\040\000p\000e\000t\000i\000t\000e\000s\000\040\000i\000n\000c\000o\000h\000\351\000r\000e\000n\000c\000e\000s\000\040\000d\000e\000\040\000f\000a\000c\000t\000e\000u\000r\000s\000\040\000d\000e\000\040\000r\000i\000s\000q\000u\000e}{section.43}% 104
\BOOKMARK [2][-]{subsection.43.4}{\376\377\000G\000e\000s\000t\000i\000o\000n\000\040\000a\000c\000t\000i\000v\000e\000\040\000p\000a\000r\000\040\000d\000e\000s\000\040\000i\000n\000a\000d\000\351\000q\000u\000a\000t\000i\000o\000n\000s\000\040\000p\000l\000u\000s\000\040\000i\000m\000p\000o\000r\000t\000a\000n\000t\000e\000s\000\040\000d\000e\000s\000\040\000f\000a\000c\000t\000e\000u\000r\000s\000\040\000d\000e\000\040\000r\000i\000s\000q\000u\000e}{section.43}% 105
\BOOKMARK [2][-]{subsection.43.5}{\376\377\000G\000e\000s\000t\000i\000o\000n\000\040\000a\000c\000t\000i\000v\000e\000\040\000\340\000\040\000p\000a\000r\000t\000\040\000e\000n\000t\000i\000\350\000r\000e}{section.43}% 106
\BOOKMARK [1][-]{section.44}{\376\377\000S\000\351\000l\000e\000c\000t\000i\000o\000n\000\040\000d\000'\000u\000n\000\040\000i\000n\000d\000i\000c\000e\000\040\000o\000b\000l\000i\000g\000a\000t\000a\000i\000r\000e\000\040\000d\000e\000\040\000r\000\351\000f\000\351\000r\000e\000n\000c\000e\000:\000\040\000c\000o\000n\000s\000i\000d\000\351\000r\000a\000t\000i\000o\000n\000s\000\040\000g\000\351\000n\000\351\000r\000a\000l\000e\000s}{}% 107
\BOOKMARK [2][-]{subsection.44.1}{\376\377\000R\000i\000s\000q\000u\000e\000\040\000d\000e\000\040\000v\000a\000l\000e\000u\000r\000\040\000m\000a\000r\000c\000h\000a\000n\000d\000e}{section.44}% 108
\BOOKMARK [2][-]{subsection.44.2}{\376\377\000R\000i\000s\000q\000u\000e\000\040\000d\000e\000\040\000r\000e\000v\000e\000n\000u}{section.44}% 109
\BOOKMARK [2][-]{subsection.44.3}{\376\377\000L\000e\000\040\000r\000i\000s\000q\000u\000e\000\040\000d\000e\000\040\000c\000r\000\351\000d\000i\000t}{section.44}% 110
\BOOKMARK [2][-]{subsection.44.4}{\376\377\000L\000e\000\040\000r\000i\000s\000q\000u\000e\000\040\000d\000e\000\040\000r\000e\000s\000p\000o\000n\000s\000a\000b\000i\000l\000i\000t\000\351\000\040\000d\000e\000s\000\040\000p\000a\000s\000s\000i\000f\000s}{section.44}% 111
\BOOKMARK [1][-]{section.45}{\376\377\000S\000u\000i\000v\000i\000\040\000d\000e\000s\000\040\000r\000i\000s\000q\000u\000e\000s}{}% 112
\BOOKMARK [1][-]{section.46}{\376\377\000S\000t\000r\000a\000t\000\351\000g\000i\000e\000s\000\040\000d\000'\000i\000n\000d\000e\000x\000a\000t\000i\000o\000n\000\040\000a\000m\000\351\000l\000i\000o\000r\000\351\000e\000s}{}% 113
\BOOKMARK [2][-]{subsection.46.1}{\376\377\000A\000m\000\351\000l\000i\000o\000r\000a\000t\000i\000o\000n\000s\000\040\000\340\000\040\000m\000o\000i\000n\000d\000r\000e\000\040\000c\000o\000\373\000t}{section.46}% 114
\BOOKMARK [2][-]{subsection.46.2}{\376\377\000A\000m\000\351\000l\000i\000o\000r\000a\000t\000i\000o\000n\000s\000\040\000d\000e\000\040\000l\000a\000\040\000s\000\351\000l\000e\000c\000t\000i\000o\000n\000\040\000d\000e\000s\000\040\000p\000r\000o\000b\000l\000\350\000m\000e\000s}{section.46}% 115
\BOOKMARK [2][-]{subsection.46.3}{\376\377\000P\000o\000s\000i\000t\000i\000o\000n\000n\000e\000m\000e\000n\000t\000\040\000d\000e\000\040\000l\000a\000\040\000c\000o\000u\000r\000b\000e\000\040\000d\000e\000s\000\040\000r\000e\000n\000d\000e\000m\000e\000n\000t}{section.46}% 116
\BOOKMARK [2][-]{subsection.46.4}{\376\377\000P\000o\000s\000i\000t\000i\000o\000n\000n\000e\000m\000e\000n\000t\000\040\000s\000e\000c\000t\000o\000r\000i\000e\000l\000\040\000e\000t\000\040\000q\000u\000a\000l\000i\000t\000\351}{section.46}% 117
\BOOKMARK [2][-]{subsection.46.5}{\376\377\000P\000o\000s\000i\000t\000i\000o\000n\000n\000e\000m\000e\000n\000t\000\040\000p\000a\000r\000\040\000r\000a\000p\000p\000o\000r\000t\000\040\000a\000u\000\040\000r\000i\000s\000q\000u\000e\000\040\000d\000'\000a\000p\000p\000e\000l}{section.46}% 118
\BOOKMARK [1][-]{section.47}{\376\377\000A\000c\000t\000i\000v\000i\000t\000\351\000s\000\040\000s\000u\000p\000p\000l\000\351\000m\000e\000n\000t\000a\000i\000r\000e\000s\000\040\000r\000e\000q\000u\000i\000s\000e\000s\000\040\000p\000o\000u\000r\000\040\000l\000e\000\040\000g\000e\000s\000t\000i\000o\000n\000n\000a\000i\000r\000e\000\040\000a\000c\000t\000i\000f}{}% 119
\BOOKMARK [2][-]{subsection.47.1}{\376\377\000I\000d\000e\000n\000t\000i\000f\000i\000e\000z\000\040\000l\000e\000s\000\040\000d\000i\000s\000c\000o\000r\000d\000a\000n\000c\000e\000s\000\040\000d\000'\000i\000n\000d\000e\000x\000\040\000\340\000\040\000e\000x\000p\000l\000o\000i\000t\000e\000r}{section.47}% 120
\BOOKMARK [2][-]{subsection.47.2}{\376\377\000E\000x\000t\000r\000a\000p\000o\000l\000e\000z\000\040\000l\000e\000s\000\040\000a\000t\000t\000e\000n\000t\000e\000s\000\040\000d\000u\000\040\000m\000a\000r\000c\000h\000\351\000\040\000\340\000\040\000p\000a\000r\000t\000i\000r\000\040\000d\000e\000s\000\040\000d\000o\000n\000n\000\351\000e\000s\000\040\000d\000u\000\040\000m\000a\000r\000c\000h\000\351}{section.47}% 121
\BOOKMARK [2][-]{subsection.47.3}{\376\377\000P\000r\000\351\000v\000o\000y\000e\000z\000\040\000i\000n\000d\000\351\000p\000e\000n\000d\000a\000m\000m\000e\000n\000t\000\040\000l\000e\000s\000\040\000i\000n\000t\000r\000a\000n\000t\000s\000\040\000n\000\351\000c\000e\000s\000s\000a\000i\000r\000e\000s\000\040\000e\000t\000\040\000c\000o\000m\000p\000a\000r\000e\000z\000-\000l\000e\000s\000\040\000a\000u\000x\000\040\000a\000t\000t\000e\000n\000t\000e\000s\000\040\000d\000u\000\040\000m\000a\000r\000c\000h\000\351}{section.47}% 122
\BOOKMARK [2][-]{subsection.47.4}{\376\377\000E\000s\000t\000i\000m\000e\000r\000\040\000l\000e\000s\000\040\000v\000a\000l\000e\000u\000r\000s\000\040\000r\000e\000l\000a\000t\000i\000v\000e\000s\000\040\000d\000e\000s\000\040\000t\000i\000t\000r\000e\000s\000\040\000a\000f\000i\000n\000\040\000d\000'\000i\000d\000e\000n\000t\000i\000f\000i\000e\000r\000\040\000l\000e\000s\000\040\000z\000o\000n\000e\000s\000\040\000d\000e\000\040\000s\000o\000u\000s\000-\000\351\000v\000a\000l\000u\000a\000t\000i\000o\000n\000\040\000o\000u\000\040\000d\000e\000\040\000s\000u\000r\000\351\000v\000a\000l\000u\000a\000t\000i\000o\000n}{section.47}% 123
\BOOKMARK [1][-]{section.48}{\376\377\000A\000n\000a\000l\000y\000s\000e\000\040\000d\000u\000\040\000r\000e\000n\000d\000e\000m\000e\000n\000t\000\040\000t\000o\000t\000a\000l\000\040\000e\000t\000\040\000a\000n\000a\000l\000y\000s\000e\000\040\000d\000e\000s\000\040\000s\000c\000\351\000n\000a\000r\000i\000o\000s}{}% 124
\BOOKMARK [2][-]{subsection.48.1}{\376\377\000L\000e\000\040\000r\000e\000n\000d\000e\000m\000e\000n\000t\000\040\000t\000o\000t\000a\000l\000\040\000d\040\031\000u\000n\000e\000\040\000o\000b\000l\000i\000g\000a\000t\000i\000o\000n}{section.48}% 125
\BOOKMARK [2][-]{subsection.48.2}{\376\377\000L\040\031\000a\000n\000a\000l\000y\000s\000e\000\040\000d\000u\000\040\000r\000e\000n\000d\000e\000m\000e\000n\000t\000\040\000t\000o\000t\000a\000l}{section.48}% 126
\BOOKMARK [1][-]{section.49}{\376\377\000G\000\351\000r\000e\000r\000\040\000l\000e\000s\000\040\000f\000o\000n\000d\000s\000\040\000c\000o\000n\000t\000r\000e\000\040\000l\000e\000s\000\040\000p\000a\000s\000s\000i\000f\000s}{}% 127
\BOOKMARK [2][-]{subsection.49.1}{\376\377\000S\000t\000r\000a\000t\000\351\000g\000i\000e\000s\000\040\000d\000e\000\040\000d\000\351\000v\000o\000u\000e\000m\000e\000n\000t}{section.49}% 128
\BOOKMARK [1][-]{section.50}{\376\377\000S\000t\000r\000a\000t\000\351\000g\000i\000e\000s\000\040\000d\000'\000i\000m\000m\000u\000n\000i\000s\000a\000t\000i\000o\000n}{}% 129
\BOOKMARK [2][-]{subsection.50.1}{\376\377\000I\000m\000m\000u\000n\000i\000s\000a\000t\000i\000o\000n\000\040\000c\000l\000a\000s\000s\000i\000q\000u\000e\000\040\000\340\000\040\000p\000\351\000r\000i\000o\000d\000e\000\040\000u\000n\000i\000q\000u\000e}{section.50}% 130
\BOOKMARK [1][-]{section.51}{\376\377\000R\000\351\000\351\000q\000u\000i\000l\000i\000b\000r\000e\000r\000\040\000u\000n\000\040\000p\000o\000r\000t\000e\000f\000e\000u\000i\000l\000l\000e\000\040\000i\000m\000m\000u\000n\000i\000s\000\351}{}% 131
\BOOKMARK [1][-]{section.52}{\376\377\000D\000\351\000t\000e\000r\000m\000i\000n\000a\000t\000i\000o\000n\000\040\000d\000u\000\040\000r\000e\000n\000d\000e\000m\000e\000n\000t\000\040\000c\000i\000b\000l\000e}{}% 132
\BOOKMARK [1][-]{section.53}{\376\377\000E\000x\000t\000e\000n\000s\000i\000o\000n\000s\000\040\000d\000e\000\040\000l\000a\000\040\000t\000h\000\351\000o\000r\000i\000e\000\040\000c\000l\000a\000s\000s\000i\000q\000u\000e\000\040\000d\000e\000\040\000l\000'\000i\000m\000m\000u\000n\000i\000s\000a\000t\000i\000o\000n}{}% 133
\BOOKMARK [1][-]{section.54}{\376\377\000D\000u\000r\000\351\000e\000\040\000e\000t\000\040\000c\000o\000n\000v\000e\000x\000i\000t\000\351\000\040\000d\000e\000s\000\040\000a\000c\000t\000i\000f\000s\000\040\000e\000t\000\040\000d\000e\000s\000\040\000p\000a\000s\000s\000i\000f\000s}{}% 134
\BOOKMARK [1][-]{section.55}{\376\377\000T\000y\000p\000e\000s\000\040\000d\000e\000\040\000r\000i\000s\000q\000u\000e}{}% 135
\BOOKMARK [1][-]{section.56}{\376\377\000M\000i\000n\000i\000m\000i\000s\000a\000t\000i\000o\000n\000\040\000d\000e\000s\000\040\000r\000i\000s\000q\000u\000e\000s\000\040\000p\000o\000u\000r\000\040\000l\000e\000s\000\040\000p\000o\000r\000t\000e\000f\000e\000u\000i\000l\000l\000e\000s\000\040\000i\000m\000m\000u\000n\000i\000s\000\351\000s}{}% 136
\BOOKMARK [1][-]{section.57}{\376\377\000S\000t\000r\000a\000t\000\351\000g\000i\000e\000s\000\040\000d\000'\000a\000p\000p\000a\000r\000i\000e\000m\000e\000n\000t\000\040\000d\000e\000s\000\040\000f\000l\000u\000x\000\040\000d\000e\000\040\000t\000r\000\351\000s\000o\000r\000e\000r\000i\000e}{}% 137
\BOOKMARK [1][-]{section.58}{\376\377\000E\000x\000e\000m\000p\000l\000e\000s}{}% 138
\BOOKMARK [2][-]{subsection.58.1}{\376\377\000Q\000u\000e\000s\000t\000i\000o\000n\000\040\0001}{section.58}% 139
\BOOKMARK [2][-]{subsection.58.2}{\376\377\000Q\000u\000e\000s\000t\000i\000o\000n\000\040\0002}{section.58}% 140
\BOOKMARK [2][-]{subsection.58.3}{\376\377\000Q\000u\000e\000s\000t\000i\000o\000n\000\040\0003}{section.58}% 141
\BOOKMARK [2][-]{subsection.58.4}{\376\377\000Q\000u\000e\000s\000t\000i\000o\000n\000\040\0004}{section.58}% 142
\BOOKMARK [3][-]{subsubsection.58.4.1}{\376\377\000Q\000u\000e\000l\000l\000e\000\040\000e\000s\000t\000\040\000l\000a\000\040\000v\000a\000l\000e\000u\000r\000\040\000n\000o\000m\000i\000n\000a\000l\000e\000\040\000d\000e\000s\000\040\000o\000b\000l\000i\000g\000a\000t\000i\000o\000n\000s\000\040\000\340\000\040\0001\0000\000\040\000a\000n\000s\000\040\000\340\000\040\000a\000c\000h\000e\000t\000e\000r\000\040\000p\000o\000u\000r\000\040\000e\000x\000\351\000c\000u\000t\000e\000r\000\040\000l\000a\000\040\000s\000t\000r\000a\000t\000\351\000g\000i\000e\000\040\000d\040\031\000A\000l\000o\000n\000s\000o\000\040\000?}{subsection.58.4}% 143
