\BOOKMARK [1][-]{section.1}{\376\377\000\311\000q\000u\000i\000v\000a\000l\000e\000n\000c\000e\000\040\000d\000e\000\040\000t\000a\000u\000x}{}% 1
\BOOKMARK [2][-]{subsection.1.1}{\376\377\000T\000a\000u\000x\000\040\000e\000f\000f\000e\000c\000t\000i\000f\000\040\000\040\000T\000a\000u\000x\000\040\000e\000f\000f\000e\000c\000t\000i\000f}{section.1}% 2
\BOOKMARK [2][-]{subsection.1.2}{\376\377\000T\000a\000u\000x\000\040\000e\000f\000f\000e\000c\000t\000i\000f\000\040\000\040\000T\000a\000u\000x\000\040\000n\000o\000m\000i\000n\000a\000l}{section.1}% 3
\BOOKMARK [2][-]{subsection.1.3}{\376\377\000T\000a\000u\000x\000\040\000n\000o\000m\000i\000n\000a\000l\000\040\000\040\000T\000a\000u\000x\000\040\000e\000f\000f\000e\000c\000t\000i\000f}{section.1}% 4
\BOOKMARK [1][-]{section.2}{\376\377\000C\000a\000p\000i\000t\000a\000l\000i\000s\000a\000t\000i\000o\000n\000\040\000e\000t\000\040\000A\000c\000t\000u\000a\000l\000i\000s\000a\000t\000i\000o\000n}{}% 5
\BOOKMARK [2][-]{subsection.2.1}{\376\377\000V\000a\000l\000e\000u\000r\000\040\000F\000u\000t\000u\000r\000e\000\040\000\050\000C\000a\000p\000i\000t\000a\000l\000i\000s\000a\000t\000i\000o\000n\000\051}{section.2}% 6
\BOOKMARK [2][-]{subsection.2.2}{\376\377\000V\000a\000l\000e\000u\000r\000\040\000P\000r\000\351\000s\000e\000n\000t\000e\000\040\000\050\000A\000c\000t\000u\000a\000l\000i\000s\000a\000t\000i\000o\000n\000\051}{section.2}% 7
\BOOKMARK [1][-]{section.3}{\376\377\000A\000n\000n\000u\000i\000t\000\351}{}% 8
\BOOKMARK [2][-]{subsection.3.1}{\376\377\000V\000a\000l\000e\000u\000r\000\040\000f\000u\000t\000u\000r\000e\000\040\000d\000'\000u\000n\000e\000\040\000a\000n\000n\000u\000i\000t\000\351\000\040\000r\000\351\000g\000u\000l\000i\000\350\000r\000e}{section.3}% 9
\BOOKMARK [2][-]{subsection.3.2}{\376\377\000V\000a\000l\000e\000u\000r\000\040\000p\000r\000\351\000s\000e\000n\000t\000e\000\040\000d\000'\000u\000n\000e\000\040\000a\000n\000n\000u\000i\000t\000\351\000\040\000r\000\351\000g\000u\000l\000i\000\350\000r\000e}{section.3}% 10
\BOOKMARK [2][-]{subsection.3.3}{\376\377\000A\000n\000n\000u\000i\000t\000\351\000\040\000d\000e\000\040\000d\000\351\000b\000u\000t\000\040\000d\000e\000\040\000p\000\351\000r\000i\000o\000d\000e}{section.3}% 11
\BOOKMARK [1][-]{section.4}{\376\377\000D\000\351\000t\000e\000r\000m\000i\000n\000e\000r\000\040\000l\000e\000\040\000p\000r\000i\000x\000\040\000d\000'\000u\000n\000e\000\040\000o\000b\000l\000i\000g\000a\000t\000i\000o\000n}{}% 12
\BOOKMARK [2][-]{subsection.4.1}{\376\377\000O\000b\000l\000i\000g\000a\000t\000i\000o\000n\000\040\000r\000\351\000g\000u\000l\000i\000\350\000r\000e}{section.4}% 13
\BOOKMARK [2][-]{subsection.4.2}{\376\377\000O\000b\000l\000i\000g\000a\000t\000i\000o\000n\000\040\000Z\000\351\000r\000o\000\040\000C\000o\000u\000p\000o\000n}{section.4}% 14
\BOOKMARK [2][-]{subsection.4.3}{\376\377\000O\000b\000l\000i\000g\000a\000t\000i\000o\000n\000\040\000p\000e\000r\000p\000\351\000t\000u\000e\000l\000l\000e}{section.4}% 15
\BOOKMARK [1][-]{section.5}{\376\377\000I\000n\000t\000\351\000r\000\352\000t\000\040\000c\000o\000u\000r\000u\000\040\000e\000t\000\040\000c\000o\000t\000e}{}% 16
\BOOKMARK [2][-]{subsection.5.1}{\376\377\000P\000r\000i\000x\000\040\000d\000'\000u\000n\000e\000\040\000o\000b\000l\000i\000g\000a\000t\000i\000o\000n\000\040\000e\000n\000t\000r\000e\000\040\000d\000e\000u\000x\000\040\000d\000a\000t\000e\000s\000\040\000d\000e\000\040\000c\000o\000u\000p\000o\000n}{section.5}% 17
\BOOKMARK [2][-]{subsection.5.2}{\376\377\000C\000o\000t\000a\000t\000i\000o\000n}{section.5}% 18
\BOOKMARK [2][-]{subsection.5.3}{\376\377\000C\000o\000n\000v\000e\000n\000t\000i\000o\000n\000\040\000p\000o\000u\000r\000\040\000l\000a\000\040\000v\000a\000l\000e\000u\000r\000\040\000d\000e\000\040\000k}{section.5}% 19
\BOOKMARK [1][-]{section.6}{\376\377\000R\000e\000n\000d\000e\000m\000e\000n\000t\000\040\000r\000\351\000a\000l\000i\000s\000\351}{}% 20
\BOOKMARK [2][-]{subsection.6.1}{\376\377\000\311\000t\000a\000p\000e\000\040\0001}{section.6}% 21
\BOOKMARK [2][-]{subsection.6.2}{\376\377\000\311\000t\000a\000p\000e\000\040\0002}{section.6}% 22
\BOOKMARK [2][-]{subsection.6.3}{\376\377\000\311\000t\000a\000p\000e\000\040\0003}{section.6}% 23
\BOOKMARK [2][-]{subsection.6.4}{\376\377\000\311\000t\000a\000p\000e\000\040\0004}{section.6}% 24
\BOOKMARK [1][-]{section.7}{\376\377\000M\000e\000s\000u\000r\000e\000\040\000d\000u\000\040\000r\000e\000n\000d\000e\000m\000e\000n\000t\000\040\000d\000u\000\040\000o\000b\000l\000i\000g\000a\000t\000i\000o\000n}{}% 25
\BOOKMARK [2][-]{subsection.7.1}{\376\377\000M\000\351\000t\000h\000o\000d\000e\000\040\000p\000o\000u\000r\000\040\000t\000r\000o\000u\000v\000e\000r\000\040\000l\000e\000\040\000T\000R\000I}{section.7}% 26
\BOOKMARK [2][-]{subsection.7.2}{\376\377\000M\000\351\000t\000h\000o\000d\000e\000\040\000p\000o\000u\000r\000\040\000t\000r\000o\000u\000v\000e\000r\000\040\000l\000e\000\040\000r\000e\000n\000d\000e\000m\000e\000n\000t\000\040\000d\000'\000u\000n\000e\000\040\000o\000b\000l\000i\000g\000a\000t\000i\000o\000n}{section.7}% 27
\BOOKMARK [2][-]{subsection.7.3}{\376\377\000T\000r\000o\000u\000v\000e\000r\000\040\000y\000\040\000a\000v\000e\000c\000\040\000u\000n\000e\000\040\000c\000a\000l\000c\000u\000l\000a\000t\000r\000i\000c\000e\000\040\000f\000i\000n\000a\000n\000c\000i\000\350\000r\000e}{section.7}% 28
\BOOKMARK [1][-]{section.8}{\376\377\000R\000e\000l\000a\000t\000i\000o\000n\000\040\000P\000r\000i\000x\000\040\000-\000\040\000T\000a\000u\000x\000\040\000d\000e\000\040\000r\000e\000n\000d\000e\000m\000e\000n\000t}{}% 29
