This is pdfTeX, Version 3.141592653-2.6-1.40.22 (TeX Live 2021) (preloaded format=pdflatex 2021.9.18)  18 SEP 2021 01:16
entering extended mode
 restricted \write18 enabled.
 %&-line parsing enabled.
**GSF3100_S1.tex
(./GSF3100_S1.tex
LaTeX2e <2020-10-01> patch level 4
L3 programming layer <2021-02-18>
(/usr/local/texlive/2021/texmf-dist/tex/latex/base/article.cls
Document Class: article 2020/04/10 v1.4m Standard LaTeX document class
(/usr/local/texlive/2021/texmf-dist/tex/latex/base/size10.clo
File: size10.clo 2020/04/10 v1.4m Standard LaTeX file (size option)
)
\c@part=\count179
\c@section=\count180
\c@subsection=\count181
\c@subsubsection=\count182
\c@paragraph=\count183
\c@subparagraph=\count184
\c@figure=\count185
\c@table=\count186
\abovecaptionskip=\skip47
\belowcaptionskip=\skip48
\bibindent=\dimen138
)
(/usr/local/texlive/2021/texmf-dist/tex/latex/base/inputenc.sty
Package: inputenc 2020/08/01 v1.3d Input encoding file
\inpenc@prehook=\toks15
\inpenc@posthook=\toks16
)
(/usr/local/texlive/2021/texmf-dist/tex/latex/amsmath/amsmath.sty
Package: amsmath 2020/09/23 v2.17i AMS math features
\@mathmargin=\skip49

For additional information on amsmath, use the `?' option.
(/usr/local/texlive/2021/texmf-dist/tex/latex/amsmath/amstext.sty
Package: amstext 2000/06/29 v2.01 AMS text

(/usr/local/texlive/2021/texmf-dist/tex/latex/amsmath/amsgen.sty
File: amsgen.sty 1999/11/30 v2.0 generic functions
\@emptytoks=\toks17
\ex@=\dimen139
))
(/usr/local/texlive/2021/texmf-dist/tex/latex/amsmath/amsbsy.sty
Package: amsbsy 1999/11/29 v1.2d Bold Symbols
\pmbraise@=\dimen140
)
(/usr/local/texlive/2021/texmf-dist/tex/latex/amsmath/amsopn.sty
Package: amsopn 2016/03/08 v2.02 operator names
)
\inf@bad=\count187
LaTeX Info: Redefining \frac on input line 234.
\uproot@=\count188
\leftroot@=\count189
LaTeX Info: Redefining \overline on input line 399.
\classnum@=\count190
\DOTSCASE@=\count191
LaTeX Info: Redefining \ldots on input line 496.
LaTeX Info: Redefining \dots on input line 499.
LaTeX Info: Redefining \cdots on input line 620.
\Mathstrutbox@=\box47
\strutbox@=\box48
\big@size=\dimen141
LaTeX Font Info:    Redeclaring font encoding OML on input line 743.
LaTeX Font Info:    Redeclaring font encoding OMS on input line 744.
\macc@depth=\count192
\c@MaxMatrixCols=\count193
\dotsspace@=\muskip16
\c@parentequation=\count194
\dspbrk@lvl=\count195
\tag@help=\toks18
\row@=\count196
\column@=\count197
\maxfields@=\count198
\andhelp@=\toks19
\eqnshift@=\dimen142
\alignsep@=\dimen143
\tagshift@=\dimen144
\tagwidth@=\dimen145
\totwidth@=\dimen146
\lineht@=\dimen147
\@envbody=\toks20
\multlinegap=\skip50
\multlinetaggap=\skip51
\mathdisplay@stack=\toks21
LaTeX Info: Redefining \[ on input line 2923.
LaTeX Info: Redefining \] on input line 2924.
)
(/usr/local/texlive/2021/texmf-dist/tex/latex/amsfonts/amsfonts.sty
Package: amsfonts 2013/01/14 v3.01 Basic AMSFonts support
\symAMSa=\mathgroup4
\symAMSb=\mathgroup5
LaTeX Font Info:    Redeclaring math symbol \hbar on input line 98.
LaTeX Font Info:    Overwriting math alphabet `\mathfrak' in version `bold'
(Font)                  U/euf/m/n --> U/euf/b/n on input line 106.
)
(/usr/local/texlive/2021/texmf-dist/tex/latex/amsfonts/amssymb.sty
Package: amssymb 2013/01/14 v3.01 AMS font symbols
)
(/usr/local/texlive/2021/texmf-dist/tex/latex/xcolor/xcolor.sty
Package: xcolor 2016/05/11 v2.12 LaTeX color extensions (UK)

(/usr/local/texlive/2021/texmf-dist/tex/latex/graphics-cfg/color.cfg
File: color.cfg 2016/01/02 v1.6 sample color configuration
)
Package xcolor Info: Driver file: pdftex.def on input line 225.

(/usr/local/texlive/2021/texmf-dist/tex/latex/graphics-def/pdftex.def
File: pdftex.def 2020/10/05 v1.2a Graphics/color driver for pdftex
)
Package xcolor Info: Model `cmy' substituted by `cmy0' on input line 1348.
Package xcolor Info: Model `hsb' substituted by `rgb' on input line 1352.
Package xcolor Info: Model `RGB' extended on input line 1364.
Package xcolor Info: Model `HTML' substituted by `rgb' on input line 1366.
Package xcolor Info: Model `Hsb' substituted by `hsb' on input line 1367.
Package xcolor Info: Model `tHsb' substituted by `hsb' on input line 1368.
Package xcolor Info: Model `HSB' substituted by `hsb' on input line 1369.
Package xcolor Info: Model `Gray' substituted by `gray' on input line 1370.
Package xcolor Info: Model `wave' substituted by `hsb' on input line 1371.
)
(/usr/local/texlive/2021/texmf-dist/tex/generic/soul/soul.sty
Package: soul 2003/11/17 v2.4 letterspacing/underlining (mf)
\SOUL@word=\toks22
\SOUL@lasttoken=\toks23
\SOUL@cmds=\toks24
\SOUL@buffer=\toks25
\SOUL@token=\toks26
\SOUL@spaceskip=\skip52
\SOUL@ttwidth=\dimen148
\SOUL@uldp=\dimen149
\SOUL@ulht=\dimen150
)
(/usr/local/texlive/2021/texmf-dist/tex/latex/tools/enumerate.sty
Package: enumerate 2015/07/23 v3.00 enumerate extensions (DPC)
\@enLab=\toks27
)
(/usr/local/texlive/2021/texmf-dist/tex/latex/l3backend/l3backend-pdftex.def
File: l3backend-pdftex.def 2021-03-18 L3 backend support: PDF output (pdfTeX)
\l__color_backend_stack_int=\count199
\l__pdf_internal_box=\box49
)
(./GSF3100_S1.aux)
\openout1 = `GSF3100_S1.aux'.

LaTeX Font Info:    Checking defaults for OML/cmm/m/it on input line 12.
LaTeX Font Info:    ... okay on input line 12.
LaTeX Font Info:    Checking defaults for OMS/cmsy/m/n on input line 12.
LaTeX Font Info:    ... okay on input line 12.
LaTeX Font Info:    Checking defaults for OT1/cmr/m/n on input line 12.
LaTeX Font Info:    ... okay on input line 12.
LaTeX Font Info:    Checking defaults for T1/cmr/m/n on input line 12.
LaTeX Font Info:    ... okay on input line 12.
LaTeX Font Info:    Checking defaults for TS1/cmr/m/n on input line 12.
LaTeX Font Info:    ... okay on input line 12.
LaTeX Font Info:    Checking defaults for OMX/cmex/m/n on input line 12.
LaTeX Font Info:    ... okay on input line 12.
LaTeX Font Info:    Checking defaults for U/cmr/m/n on input line 12.
LaTeX Font Info:    ... okay on input line 12.

(/usr/local/texlive/2021/texmf-dist/tex/context/base/mkii/supp-pdf.mkii
[Loading MPS to PDF converter (version 2006.09.02).]
\scratchcounter=\count266
\scratchdimen=\dimen151
\scratchbox=\box50
\nofMPsegments=\count267
\nofMParguments=\count268
\everyMPshowfont=\toks28
\MPscratchCnt=\count269
\MPscratchDim=\dimen152
\MPnumerator=\count270
\makeMPintoPDFobject=\count271
\everyMPtoPDFconversion=\toks29
)
LaTeX Font Info:    Trying to load font information for U+msa on input line 13.

 (/usr/local/texlive/2021/texmf-dist/tex/latex/amsfonts/umsa.fd
File: umsa.fd 2013/01/14 v3.01 AMS symbols A
)
LaTeX Font Info:    Trying to load font information for U+msb on input line 13.


(/usr/local/texlive/2021/texmf-dist/tex/latex/amsfonts/umsb.fd
File: umsb.fd 2013/01/14 v3.01 AMS symbols B
)

LaTeX Warning: No \author given.

[1

{/usr/local/texlive/2021/texmf-var/fonts/map/pdftex/updmap/pdftex.map}]
[2]

! Package inputenc Error: Unicode character МЃ (U+0301)
(inputenc)                not set up for use with LaTeX.

See the inputenc package documentation for explanation.
Type  H <return>  for immediate help.
 ...                                              
                                                  
l.53 ...ver le taux nominal quotidien capitaliseМЃ
                                                   annuellement eМЃquivalent...

You may provide a definition with
\DeclareUnicodeCharacter 


! Package inputenc Error: Unicode character МЃ (U+0301)
(inputenc)                not set up for use with LaTeX.

See the inputenc package documentation for explanation.
Type  H <return>  for immediate help.
 ...                                              
                                                  
l.53 ...al quotidien capitaliseМЃ annuellement eМЃ
                                                  quivalent aМЂ un taux nomi...

You may provide a definition with
\DeclareUnicodeCharacter 


! Package inputenc Error: Unicode character МЂ (U+0300)
(inputenc)                not set up for use with LaTeX.

See the inputenc package documentation for explanation.
Type  H <return>  for immediate help.
 ...                                              
                                                  
l.53 ...capitaliseМЃ annuellement eМЃquivalent aМЂ
                                                   un taux nominal bisannuel...

You may provide a definition with
\DeclareUnicodeCharacter 


! Package inputenc Error: Unicode character МЃ (U+0301)
(inputenc)                not set up for use with LaTeX.

See the inputenc package documentation for explanation.
Type  H <return>  for immediate help.
 ...                                              
                                                  
l.53 ...ux nominal bisannuel de 20 \% capitaliseМЃ
                                                   trimestriellement.
You may provide a definition with
\DeclareUnicodeCharacter 


Underfull \hbox (badness 10000) in paragraph at lines 71--72

 []

[3] [4]

! Package inputenc Error: Unicode character МЃ (U+0301)
(inputenc)                not set up for use with LaTeX.

See the inputenc package documentation for explanation.
Type  H <return>  for immediate help.
 ...                                              
                                                  
l.113 Trouver la valeur actuelle dвЂ™une annuiteМЃ
                                                   de 35 paiements hebdomada...

You may provide a definition with
\DeclareUnicodeCharacter 


! Package inputenc Error: Unicode character МЃ (U+0301)
(inputenc)                not set up for use with LaTeX.

See the inputenc package documentation for explanation.
Type  H <return>  for immediate help.
 ...                                              
                                                  
l.113 ...\$ si le taux nominal annuel capitaliseМЃ
                                                   hebdomadairement est de 1...

You may provide a definition with
\DeclareUnicodeCharacter 


Underfull \hbox (badness 10000) in paragraph at lines 130--131

 []

[5]

! Package inputenc Error: Unicode character МЃ (U+0301)
(inputenc)                not set up for use with LaTeX.

See the inputenc package documentation for explanation.
Type  H <return>  for immediate help.
 ...                                              
                                                  
l.162 Trouver la valeur future dвЂ™une annuiteМЃ
                                                 de 2 paiements semestriels ...

You may provide a definition with
\DeclareUnicodeCharacter 


! Package inputenc Error: Unicode character МЃ (U+0301)
(inputenc)                not set up for use with LaTeX.

See the inputenc package documentation for explanation.
Type  H <return>  for immediate help.
 ...                                              
                                                  
l.162 ...e le taux nominal semestriel capitaliseМЃ
                                                   trimestriellement est de ...

You may provide a definition with
\DeclareUnicodeCharacter 


! Package inputenc Error: Unicode character МЃ (U+0301)
(inputenc)                not set up for use with LaTeX.

See the inputenc package documentation for explanation.
Type  H <return>  for immediate help.
 ...                                              
                                                  
l.162 ...mier paiement aura lieu aujourd'hui (deМЃ
                                                  but de peМЃriode).
You may provide a definition with
\DeclareUnicodeCharacter 


! Package inputenc Error: Unicode character МЃ (U+0301)
(inputenc)                not set up for use with LaTeX.

See the inputenc package documentation for explanation.
Type  H <return>  for immediate help.
 ...                                              
                                                  
l.162 ...nt aura lieu aujourd'hui (deМЃbut de peМЃ
                                                  riode).
You may provide a definition with
\DeclareUnicodeCharacter 


Underfull \hbox (badness 10000) in paragraph at lines 193--194

 []

[6] [7]

! Package inputenc Error: Unicode character МЂ (U+0300)
(inputenc)                not set up for use with LaTeX.

See the inputenc package documentation for explanation.
Type  H <return>  for immediate help.
 ...                                              
                                                  
l.225 ...une valeur nominale de 1000 \$ venant aМЂ
                                                   eМЃcheМЃance dans 21,5 an...

You may provide a definition with
\DeclareUnicodeCharacter 


! Package inputenc Error: Unicode character МЃ (U+0301)
(inputenc)                not set up for use with LaTeX.

See the inputenc package documentation for explanation.
Type  H <return>  for immediate help.
 ...                                              
                                                  
l.225 ...valeur nominale de 1000 \$ venant aМЂ eМЃ
                                                  cheМЃance dans 21,5 ans et...

You may provide a definition with
\DeclareUnicodeCharacter 


! Package inputenc Error: Unicode character МЃ (U+0301)
(inputenc)                not set up for use with LaTeX.

See the inputenc package documentation for explanation.
Type  H <return>  for immediate help.
 ...                                              
                                                  
l.225 ...r nominale de 1000 \$ venant aМЂ eМЃcheМЃ
                                                  ance dans 21,5 ans et ayan...

You may provide a definition with
\DeclareUnicodeCharacter 


! Package inputenc Error: Unicode character МЃ (U+0301)
(inputenc)                not set up for use with LaTeX.

See the inputenc package documentation for explanation.
Type  H <return>  for immediate help.
 ...                                              
                                                  
l.225 ... \% annuel payable quatre fois par anneМЃ
                                                  e, soit aМЂ chaque trimest...

You may provide a definition with
\DeclareUnicodeCharacter 


! Package inputenc Error: Unicode character МЂ (U+0300)
(inputenc)                not set up for use with LaTeX.

See the inputenc package documentation for explanation.
Type  H <return>  for immediate help.
 ...                                              
                                                  
l.225 ...payable quatre fois par anneМЃe, soit aМЂ
                                                   chaque trimestre, en supp...

You may provide a definition with
\DeclareUnicodeCharacter 


! Package inputenc Error: Unicode character МЃ (U+0301)
(inputenc)                not set up for use with LaTeX.

See the inputenc package documentation for explanation.
Type  H <return>  for immediate help.
 ...                                              
                                                  
l.225 ...osant un taux nominal annuel capitaliseМЃ
                                                   mensuellement de 12 \%.
You may provide a definition with
\DeclareUnicodeCharacter 

[8]

! Package inputenc Error: Unicode character МЃ (U+0301)
(inputenc)                not set up for use with LaTeX.

See the inputenc package documentation for explanation.
Type  H <return>  for immediate help.
 ...                                              
                                                  
l.272 Trouver le prix dвЂ™une obligation perpeМЃ
                                                tuelle (aМЂ vie) ayant un ta...

You may provide a definition with
\DeclareUnicodeCharacter 


! Package inputenc Error: Unicode character МЂ (U+0300)
(inputenc)                not set up for use with LaTeX.

See the inputenc package documentation for explanation.
Type  H <return>  for immediate help.
 ...                                              
                                                  
l.272 ...rix dвЂ™une obligation perpeМЃtuelle (aМЂ
                                                   vie) ayant un taux de cou...

You may provide a definition with
\DeclareUnicodeCharacter 


! Package inputenc Error: Unicode character МЃ (U+0301)
(inputenc)                not set up for use with LaTeX.

See the inputenc package documentation for explanation.
Type  H <return>  for immediate help.
 ...                                              
                                                  
l.272 ...16 \% annuel payable deux fois par anneМЃ
                                                  e et une valeur nominale d...

You may provide a definition with
\DeclareUnicodeCharacter 


! LaTeX Error: Lonely \item--perhaps a missing list environment.

See the LaTeX manual or LaTeX Companion for explanation.
Type  H <return>  for immediate help.
 ...                                              
                                                  
l.284 \item $
             M = 1000$ \$
Try typing  <return>  to proceed.
If that doesn't work, type  X <return>  to quit.


Underfull \hbox (badness 10000) detected at line 284
[][]
 []


! LaTeX Error: Lonely \item--perhaps a missing list environment.

See the LaTeX manual or LaTeX Companion for explanation.
Type  H <return>  for immediate help.
 ...                                              
                                                  
l.285 \item $
             C = \frac{TC}{2} \times M = 0,08 \times 1000 = 80$ \$
Try typing  <return>  to proceed.
If that doesn't work, type  X <return>  to quit.


Underfull \hbox (badness 10000) detected at line 285
[][]
 []


! LaTeX Error: Lonely \item--perhaps a missing list environment.

See the LaTeX manual or LaTeX Companion for explanation.
Type  H <return>  for immediate help.
 ...                                              
                                                  
l.286 \item $
             r = 6$ \%
Try typing  <return>  to proceed.
If that doesn't work, type  X <return>  to quit.


Underfull \hbox (badness 10000) detected at line 286
[][]
 []


! LaTeX Error: Lonely \item--perhaps a missing list environment.

See the LaTeX manual or LaTeX Companion for explanation.
Type  H <return>  for immediate help.
 ...                                              
                                                  
l.287 \item $
             n = \infty$
Try typing  <return>  to proceed.
If that doesn't work, type  X <return>  to quit.


Underfull \hbox (badness 10000) detected at line 287
[][]
 []


! LaTeX Error: \begin{document} ended by \end{itemize}.

See the LaTeX manual or LaTeX Companion for explanation.
Type  H <return>  for immediate help.
 ...                                              
                                                  
l.288 \end{itemize}
                   
Your command was ignored.
Type  I <command> <return>  to replace it with another command,
or  <return>  to continue without it.

! Extra \endgroup.
<recently read> \endgroup 
                          
l.288 \end{itemize}
                   
Things are pretty mixed up, but I think the worst is over.

[9]

! Package inputenc Error: Unicode character МЂ (U+0300)
(inputenc)                not set up for use with LaTeX.

See the inputenc package documentation for explanation.
Type  H <return>  for immediate help.
 ...                                              
                                                  
l.310 ...™une valeur nominale de 800 \$ venant aМЂ
                                                   eМЃcheМЃance dans 5,5 ans...

You may provide a definition with
\DeclareUnicodeCharacter 


! Package inputenc Error: Unicode character МЃ (U+0301)
(inputenc)                not set up for use with LaTeX.

See the inputenc package documentation for explanation.
Type  H <return>  for immediate help.
 ...                                              
                                                  
l.310 ... valeur nominale de 800 \$ venant aМЂ eМЃ
                                                  cheМЃance dans 5,5 ans et ...

You may provide a definition with
\DeclareUnicodeCharacter 


! Package inputenc Error: Unicode character МЃ (U+0301)
(inputenc)                not set up for use with LaTeX.

See the inputenc package documentation for explanation.
Type  H <return>  for immediate help.
 ...                                              
                                                  
l.310 ...ur nominale de 800 \$ venant aМЂ eМЃcheМЃ
                                                  ance dans 5,5 ans et ayant...

You may provide a definition with
\DeclareUnicodeCharacter 


! Package inputenc Error: Unicode character МЃ (U+0301)
(inputenc)                not set up for use with LaTeX.

See the inputenc package documentation for explanation.
Type  H <return>  for immediate help.
 ...                                              
                                                  
l.310 ...10 \% annuel payable deux fois par anneМЃ
                                                  e en supposant que le taux...

You may provide a definition with
\DeclareUnicodeCharacter 


! Package inputenc Error: Unicode character МЃ (U+0301)
(inputenc)                not set up for use with LaTeX.

See the inputenc package documentation for explanation.
Type  H <return>  for immediate help.
 ...                                              
                                                  
l.310 ...t que le taux nominal annuel capitaliseМЃ
                                                   semestriellement est de 1...

You may provide a definition with
\DeclareUnicodeCharacter 


! Package inputenc Error: Unicode character МЂ (U+0300)
(inputenc)                not set up for use with LaTeX.

See the inputenc package documentation for explanation.
Type  H <return>  for immediate help.
 ...                                              
                                                  
l.310 ...bligation se transigeait initialement aМЂ
                                                   $P_0$ = 736,9050 \$ et le...

You may provide a definition with
\DeclareUnicodeCharacter 


! Package inputenc Error: Unicode character МЃ (U+0301)
(inputenc)                not set up for use with LaTeX.

See the inputenc package documentation for explanation.
Type  H <return>  for immediate help.
 ...                                              
                                                  
l.310 ... = 736,9050 \$ et le dernier coupon a eМЃ
                                                  teМЃ verseМЃ le 31 deМЃcem...

You may provide a definition with
\DeclareUnicodeCharacter 


! Package inputenc Error: Unicode character МЃ (U+0301)
(inputenc)                not set up for use with LaTeX.

See the inputenc package documentation for explanation.
Type  H <return>  for immediate help.
 ...                                              
                                                  
l.310 ...36,9050 \$ et le dernier coupon a eМЃteМЃ
                                                   verseМЃ le 31 deМЃcembre ...

You may provide a definition with
\DeclareUnicodeCharacter 


! Package inputenc Error: Unicode character МЃ (U+0301)
(inputenc)                not set up for use with LaTeX.

See the inputenc package documentation for explanation.
Type  H <return>  for immediate help.
 ...                                              
                                                  
l.310 ...\$ et le dernier coupon a eМЃteМЃ verseМЃ
                                                   le 31 deМЃcembre dernier ...

You may provide a definition with
\DeclareUnicodeCharacter 


! Package inputenc Error: Unicode character МЃ (U+0301)
(inputenc)                not set up for use with LaTeX.

See the inputenc package documentation for explanation.
Type  H <return>  for immediate help.
 ...                                              
                                                  
l.310 ...rnier coupon a eМЃteМЃ verseМЃ le 31 deМЃ
                                                  cembre dernier il y a exac...

You may provide a definition with
\DeclareUnicodeCharacter 


! Package inputenc Error: Unicode character МЃ (U+0301)
(inputenc)                not set up for use with LaTeX.

See the inputenc package documentation for explanation.
Type  H <return>  for immediate help.
 ...                                              
                                                  
l.310 ...a exactement 126 jours. (Utiliser la meМЃ
                                                  thode exact/exact.)
You may provide a definition with
\DeclareUnicodeCharacter 


Overfull \hbox (10.6672pt too wide) in paragraph at lines 329--330
[]\OT1/cmr/m/n/10 Nombre de jours ex-act qui s'est ^^Secoul^^Se depuis le derni
er coupon (num^^Serateur):
 []


Underfull \hbox (badness 10000) in paragraph at lines 339--340

 []

[10] [11]

! Package inputenc Error: Unicode character МЃ (U+0301)
(inputenc)                not set up for use with LaTeX.

See the inputenc package documentation for explanation.
Type  H <return>  for immediate help.
 ...                                              
                                                  
l.368 ...x dates de coupon et une fraction de peМЃ
                                                  riode $k = 0,87$ eМЃcouleМ...

You may provide a definition with
\DeclareUnicodeCharacter 


! Package inputenc Error: Unicode character МЃ (U+0301)
(inputenc)                not set up for use with LaTeX.

See the inputenc package documentation for explanation.
Type  H <return>  for immediate help.
 ...                                              
                                                  
l.368 ... une fraction de peМЃriode $k = 0,87$ eМЃ
                                                  couleМЃe depuis le verseme...

You may provide a definition with
\DeclareUnicodeCharacter 


! Package inputenc Error: Unicode character МЃ (U+0301)
(inputenc)                not set up for use with LaTeX.

See the inputenc package documentation for explanation.
Type  H <return>  for immediate help.
 ...                                              
                                                  
l.368 ...action de peМЃriode $k = 0,87$ eМЃcouleМЃ
                                                  e depuis le versement du d...

You may provide a definition with
\DeclareUnicodeCharacter 

[12]

! Package inputenc Error: Unicode character МЂ (U+0300)
(inputenc)                not set up for use with LaTeX.

See the inputenc package documentation for explanation.
Type  H <return>  for immediate help.
 ...                                              
                                                  
l.412 AМЂ
          l'aide d'une calculatrice financieМЂre, trouver le taux de rendeme...

You may provide a definition with
\DeclareUnicodeCharacter 


! Package inputenc Error: Unicode character МЂ (U+0300)
(inputenc)                not set up for use with LaTeX.

See the inputenc package documentation for explanation.
Type  H <return>  for immediate help.
 ...                                              
                                                  
l.412 AМЂ l'aide d'une calculatrice financieМЂ
                                              re, trouver le taux de rendeme...

You may provide a definition with
\DeclareUnicodeCharacter 


! Package inputenc Error: Unicode character МЂ (U+0300)
(inputenc)                not set up for use with LaTeX.

See the inputenc package documentation for explanation.
Type  H <return>  for immediate help.
 ...                                              
                                                  
l.412 ...cieМЂre, trouver le taux de rendement aМЂ
                                                   lвЂ™eМЃcheМЃance eectif s...

You may provide a definition with
\DeclareUnicodeCharacter 


! Package inputenc Error: Unicode character МЃ (U+0301)
(inputenc)                not set up for use with LaTeX.

See the inputenc package documentation for explanation.
Type  H <return>  for immediate help.
 ...                                              
                                                  
l.412 ... trouver le taux de rendement aМЂ lвЂ™eМЃ
                                                  cheМЃance eectif semestrie...

You may provide a definition with
\DeclareUnicodeCharacter 


! Package inputenc Error: Unicode character МЃ (U+0301)
(inputenc)                not set up for use with LaTeX.

See the inputenc package documentation for explanation.
Type  H <return>  for immediate help.
 ...                                              
                                                  
l.412 ...ver le taux de rendement aМЂ lвЂ™eМЃcheМЃ
                                                  ance eectif semestriel dвЂ...

You may provide a definition with
\DeclareUnicodeCharacter 


! Package inputenc Error: Unicode character МЂ (U+0300)
(inputenc)                not set up for use with LaTeX.

See the inputenc package documentation for explanation.
Type  H <return>  for immediate help.
 ...                                              
                                                  
l.412 ...e valeur nominale de 10 000 \$ venant aМЂ
                                                   eМЃcheМЃance dans 5 ans e...

You may provide a definition with
\DeclareUnicodeCharacter 


! Package inputenc Error: Unicode character МЃ (U+0301)
(inputenc)                not set up for use with LaTeX.

See the inputenc package documentation for explanation.
Type  H <return>  for immediate help.
 ...                                              
                                                  
l.412 ...leur nominale de 10 000 \$ venant aМЂ eМЃ
                                                  cheМЃance dans 5 ans et ay...

You may provide a definition with
\DeclareUnicodeCharacter 


! Package inputenc Error: Unicode character МЃ (U+0301)
(inputenc)                not set up for use with LaTeX.

See the inputenc package documentation for explanation.
Type  H <return>  for immediate help.
 ...                                              
                                                  
l.412 ...nominale de 10 000 \$ venant aМЂ eМЃcheМЃ
                                                  ance dans 5 ans et ayant u...

You may provide a definition with
\DeclareUnicodeCharacter 


! Package inputenc Error: Unicode character МЃ (U+0301)
(inputenc)                not set up for use with LaTeX.

See the inputenc package documentation for explanation.
Type  H <return>  for immediate help.
 ...                                              
                                                  
l.412 ...el de 2,5 \% payable deux fois par anneМЃ
                                                  e et un prix de 8980 \$.
You may provide a definition with
\DeclareUnicodeCharacter 


Underfull \hbox (badness 10000) in paragraph at lines 422--423

 []

! Undefined control sequence.
l.430 \item $r =$ \?
                    
The control sequence at the end of the top line
of your error message was never \def'ed. If you have
misspelled it (e.g., `\hobx'), type `I' and the correct
spelling (e.g., `I\hbox'). Otherwise just continue,
and I'll forget about whatever was undefined.

[13] [14]
Underfull \hbox (badness 10000) in paragraph at lines 471--472

 []

[15]
Underfull \hbox (badness 10000) in paragraph at lines 510--511

 []


Overfull \hbox (6.55624pt too wide) in paragraph at lines 533--535
\OT1/cmr/m/n/10 Il s'agit du prix que l'investisseur d^^Sebourse au-jourd'hui a
fin d'acqu^^Serir l'obligation.
 []

[16]
Underfull \hbox (badness 10000) in paragraph at lines 539--540

 []


LaTeX Warning: Command \' invalid in math mode on input line 544.

! Please use \mathaccent for accents in math mode.
\add@accent ... \let \ignorespaces \relax \accent 
                                                  #1 #2\egroup \spacefactor ...
l.544 \item $r_{rГ©
                   investissement} = \frac{0.08}{2} = 0.04$
I'm changing \accent to \mathaccent here; wish me luck.
(Accents are not the same in formulas as they are in text.)

! You can't use `\spacefactor' in math mode.
\add@accent ... \accent #1 #2\egroup \spacefactor 
                                                  \accent@spacefactor 
l.544 \item $r_{rГ©
                   investissement} = \frac{0.08}{2} = 0.04$
Sorry, but I'm not programmed to handle this case;
I'll just pretend that you didn't ask for it.
If you're in the wrong mode, you might be able to
return to the right one by typing `I}' or `I$' or `I\par'.

Missing character: There is no и in font cmex7!
[17]
Underfull \hbox (badness 10000) in paragraph at lines 586--587

 []


Overfull \hbox (6.11029pt too wide) in paragraph at lines 591--592
[]\OT1/cmr/m/n/10 Valeur fi-nale des coupons r^^Seinvestis pen-dant 4 semestres
$\OMS/cmsy/m/n/10 !$ $\OML/cmm/m/it/10 VF[] \OT1/cmr/m/n/10 = 25\OML/cmm/m/it/1
0 :\OT1/cmr/m/n/10 47878$\TS1/cmr/m/n/10 $ 
 []

[18] (./GSF3100_S1.aux) ) 
Here is how much of TeX's memory you used:
 2733 strings out of 478994
 34796 string characters out of 5858184
 333388 words of memory out of 5000000
 20221 multiletter control sequences out of 15000+600000
 412253 words of font info for 61 fonts, out of 8000000 for 9000
 1141 hyphenation exceptions out of 8191
 67i,13n,74p,627b,213s stack positions out of 5000i,500n,10000p,200000b,80000s
{/usr/local/texlive/2021/texmf-dist/fonts/enc/dvips/cm
-super/cm-super-ts1.enc}</usr/local/texlive/2021/texmf-dist/fonts/type1/public/
amsfonts/cm/cmbx10.pfb></usr/local/texlive/2021/texmf-dist/fonts/type1/public/a
msfonts/cm/cmbx12.pfb></usr/local/texlive/2021/texmf-dist/fonts/type1/public/am
sfonts/cm/cmex10.pfb></usr/local/texlive/2021/texmf-dist/fonts/type1/public/ams
fonts/cm/cmmi10.pfb></usr/local/texlive/2021/texmf-dist/fonts/type1/public/amsf
onts/cm/cmmi5.pfb></usr/local/texlive/2021/texmf-dist/fonts/type1/public/amsfon
ts/cm/cmmi7.pfb></usr/local/texlive/2021/texmf-dist/fonts/type1/public/amsfonts
/cm/cmr10.pfb></usr/local/texlive/2021/texmf-dist/fonts/type1/public/amsfonts/c
m/cmr12.pfb></usr/local/texlive/2021/texmf-dist/fonts/type1/public/amsfonts/cm/
cmr17.pfb></usr/local/texlive/2021/texmf-dist/fonts/type1/public/amsfonts/cm/cm
r5.pfb></usr/local/texlive/2021/texmf-dist/fonts/type1/public/amsfonts/cm/cmr7.
pfb></usr/local/texlive/2021/texmf-dist/fonts/type1/public/amsfonts/cm/cmsy10.p
fb></usr/local/texlive/2021/texmf-dist/fonts/type1/public/cm-super/sfrm1000.pfb
>
Output written on GSF3100_S1.pdf (18 pages, 165447 bytes).
PDF statistics:
 115 PDF objects out of 1000 (max. 8388607)
 81 compressed objects within 1 object stream
 0 named destinations out of 1000 (max. 500000)
 1 words of extra memory for PDF output out of 10000 (max. 10000000)

